Jul 17 2019 20:21:54
{"type":2,"message":"include_once(): Failed opening '\/var\/lib\/sec\/wp-settings.php' for inclusion (include_path='.:\/Applications\/MAMP\/bin\/php\/php7.1.20\/lib\/php')","file":"\/Applications\/MAMP\/htdocs\/apuestas24\/wp-config.php","line":98}

Jul 17 2019 20:21:55
{"type":2,"message":"include_once(): Failed opening '\/var\/lib\/sec\/wp-settings.php' for inclusion (include_path='.:\/Applications\/MAMP\/bin\/php\/php7.1.20\/lib\/php')","file":"\/Applications\/MAMP\/htdocs\/apuestas24\/wp-config.php","line":98}

Jul 17 2019 20:21:57
{"type":2,"message":"include_once(): Failed opening '\/var\/lib\/sec\/wp-settings.php' for inclusion (include_path='.:\/Applications\/MAMP\/bin\/php\/php7.1.20\/lib\/php')","file":"\/Applications\/MAMP\/htdocs\/apuestas24\/wp-config.php","line":98}

Jul 17 2019 20:22:02
{"type":2,"message":"include_once(): Failed opening '\/var\/lib\/sec\/wp-settings.php' for inclusion (include_path='.:\/Applications\/MAMP\/bin\/php\/php7.1.20\/lib\/php')","file":"\/Applications\/MAMP\/htdocs\/apuestas24\/wp-config.php","line":98}

Jul 17 2019 20:22:03
{"type":2,"message":"include_once(): Failed opening '\/var\/lib\/sec\/wp-settings.php' for inclusion (include_path='.:\/Applications\/MAMP\/bin\/php\/php7.1.20\/lib\/php')","file":"\/Applications\/MAMP\/htdocs\/apuestas24\/wp-config.php","line":98}

Jul 17 2019 20:22:05
{"type":2,"message":"include_once(): Failed opening '\/var\/lib\/sec\/wp-settings.php' for inclusion (include_path='.:\/Applications\/MAMP\/bin\/php\/php7.1.20\/lib\/php')","file":"\/Applications\/MAMP\/htdocs\/apuestas24\/wp-config.php","line":98}

Jul 17 2019 20:22:06
{"type":2,"message":"include_once(): Failed opening '\/var\/lib\/sec\/wp-settings.php' for inclusion (include_path='.:\/Applications\/MAMP\/bin\/php\/php7.1.20\/lib\/php')","file":"\/Applications\/MAMP\/htdocs\/apuestas24\/wp-config.php","line":98}

Jul 17 2019 20:22:07
{"Number":8,"Message":"unserialize(): Error at offset 5 of 252 bytes","File":"\/Applications\/MAMP\/htdocs\/apuestas24\/wp-content\/plugins\/all-in-one-wp-migration\/lib\/vendor\/servmask\/database\/class-ai1wm-database-utility.php","Line":64}

Jul 17 2019 20:22:07
{"Number":8,"Message":"unserialize(): Error at offset 5 of 248 bytes","File":"\/Applications\/MAMP\/htdocs\/apuestas24\/wp-content\/plugins\/all-in-one-wp-migration\/lib\/vendor\/servmask\/database\/class-ai1wm-database-utility.php","Line":64}

Jul 17 2019 20:22:07
{"Number":8,"Message":"unserialize(): Error at offset 5 of 248 bytes","File":"\/Applications\/MAMP\/htdocs\/apuestas24\/wp-content\/plugins\/all-in-one-wp-migration\/lib\/vendor\/servmask\/database\/class-ai1wm-database-utility.php","Line":64}

Jul 17 2019 20:22:07
{"Number":8,"Message":"unserialize(): Error at offset 5 of 248 bytes","File":"\/Applications\/MAMP\/htdocs\/apuestas24\/wp-content\/plugins\/all-in-one-wp-migration\/lib\/vendor\/servmask\/database\/class-ai1wm-database-utility.php","Line":64}

Jul 17 2019 20:22:07
{"Number":8,"Message":"unserialize(): Error at offset 5 of 248 bytes","File":"\/Applications\/MAMP\/htdocs\/apuestas24\/wp-content\/plugins\/all-in-one-wp-migration\/lib\/vendor\/servmask\/database\/class-ai1wm-database-utility.php","Line":64}

Jul 17 2019 20:22:07
{"Number":8,"Message":"unserialize(): Error at offset 5 of 248 bytes","File":"\/Applications\/MAMP\/htdocs\/apuestas24\/wp-content\/plugins\/all-in-one-wp-migration\/lib\/vendor\/servmask\/database\/class-ai1wm-database-utility.php","Line":64}

Jul 17 2019 20:22:07
{"Number":8,"Message":"unserialize(): Error at offset 5 of 248 bytes","File":"\/Applications\/MAMP\/htdocs\/apuestas24\/wp-content\/plugins\/all-in-one-wp-migration\/lib\/vendor\/servmask\/database\/class-ai1wm-database-utility.php","Line":64}

Jul 17 2019 20:22:07
{"Number":8,"Message":"unserialize(): Error at offset 5 of 242 bytes","File":"\/Applications\/MAMP\/htdocs\/apuestas24\/wp-content\/plugins\/all-in-one-wp-migration\/lib\/vendor\/servmask\/database\/class-ai1wm-database-utility.php","Line":64}

Jul 17 2019 20:22:12
{"type":2,"message":"include_once(): Failed opening '\/var\/lib\/sec\/wp-settings.php' for inclusion (include_path='.:\/Applications\/MAMP\/bin\/php\/php7.1.20\/lib\/php')","file":"\/Applications\/MAMP\/htdocs\/apuestas24\/wp-config.php","line":98}

Jul 17 2019 20:22:12
{"type":2,"message":"include_once(): Failed opening '\/var\/lib\/sec\/wp-settings.php' for inclusion (include_path='.:\/Applications\/MAMP\/bin\/php\/php7.1.20\/lib\/php')","file":"\/Applications\/MAMP\/htdocs\/apuestas24\/wp-config.php","line":98}

Jul 17 2019 20:22:14
{"type":2,"message":"include_once(): Failed opening '\/var\/lib\/sec\/wp-settings.php' for inclusion (include_path='.:\/Applications\/MAMP\/bin\/php\/php7.1.20\/lib\/php')","file":"\/Applications\/MAMP\/htdocs\/apuestas24\/wp-config.php","line":98}

Jul 17 2019 20:25:46
{"type":2,"message":"include_once(): Failed opening '\/var\/lib\/sec\/wp-settings.php' for inclusion (include_path='.:\/Applications\/MAMP\/bin\/php\/php7.1.20\/lib\/php')","file":"\/Applications\/MAMP\/htdocs\/apuestas24\/wp-config.php","line":98}

Jul 17 2019 20:25:47
{"type":2,"message":"include_once(): Failed opening '\/var\/lib\/sec\/wp-settings.php' for inclusion (include_path='.:\/Applications\/MAMP\/bin\/php\/php7.1.20\/lib\/php')","file":"\/Applications\/MAMP\/htdocs\/apuestas24\/wp-config.php","line":98}

Jul 17 2019 20:25:48
{"type":2,"message":"include_once(): Failed opening '\/var\/lib\/sec\/wp-settings.php' for inclusion (include_path='.:\/Applications\/MAMP\/bin\/php\/php7.1.20\/lib\/php')","file":"\/Applications\/MAMP\/htdocs\/apuestas24\/wp-config.php","line":98}

Jul 17 2019 20:25:49
{"type":2,"message":"include_once(): Failed opening '\/var\/lib\/sec\/wp-settings.php' for inclusion (include_path='.:\/Applications\/MAMP\/bin\/php\/php7.1.20\/lib\/php')","file":"\/Applications\/MAMP\/htdocs\/apuestas24\/wp-config.php","line":98}

Jul 17 2019 20:25:52
{"type":2,"message":"include_once(): Failed opening '\/var\/lib\/sec\/wp-settings.php' for inclusion (include_path='.:\/Applications\/MAMP\/bin\/php\/php7.1.20\/lib\/php')","file":"\/Applications\/MAMP\/htdocs\/apuestas24\/wp-config.php","line":98}

Jul 17 2019 20:26:03
{"type":2,"message":"include_once(): Failed opening '\/var\/lib\/sec\/wp-settings.php' for inclusion (include_path='.:\/Applications\/MAMP\/bin\/php\/php7.1.20\/lib\/php')","file":"\/Applications\/MAMP\/htdocs\/apuestas24\/wp-config.php","line":98}

Jul 17 2019 20:26:14
{"type":2,"message":"include_once(): Failed opening '\/var\/lib\/sec\/wp-settings.php' for inclusion (include_path='.:\/Applications\/MAMP\/bin\/php\/php7.1.20\/lib\/php')","file":"\/Applications\/MAMP\/htdocs\/apuestas24\/wp-config.php","line":98}

Jul 17 2019 20:26:25
{"type":2,"message":"include_once(): Failed opening '\/var\/lib\/sec\/wp-settings.php' for inclusion (include_path='.:\/Applications\/MAMP\/bin\/php\/php7.1.20\/lib\/php')","file":"\/Applications\/MAMP\/htdocs\/apuestas24\/wp-config.php","line":98}

Jul 17 2019 20:26:36
{"type":2,"message":"include_once(): Failed opening '\/var\/lib\/sec\/wp-settings.php' for inclusion (include_path='.:\/Applications\/MAMP\/bin\/php\/php7.1.20\/lib\/php')","file":"\/Applications\/MAMP\/htdocs\/apuestas24\/wp-config.php","line":98}

Jul 17 2019 20:26:48
{"type":2,"message":"include_once(): Failed opening '\/var\/lib\/sec\/wp-settings.php' for inclusion (include_path='.:\/Applications\/MAMP\/bin\/php\/php7.1.20\/lib\/php')","file":"\/Applications\/MAMP\/htdocs\/apuestas24\/wp-config.php","line":98}

Jul 17 2019 20:26:59
{"type":2,"message":"include_once(): Failed opening '\/var\/lib\/sec\/wp-settings.php' for inclusion (include_path='.:\/Applications\/MAMP\/bin\/php\/php7.1.20\/lib\/php')","file":"\/Applications\/MAMP\/htdocs\/apuestas24\/wp-config.php","line":98}

Jul 17 2019 20:27:10
{"type":2,"message":"include_once(): Failed opening '\/var\/lib\/sec\/wp-settings.php' for inclusion (include_path='.:\/Applications\/MAMP\/bin\/php\/php7.1.20\/lib\/php')","file":"\/Applications\/MAMP\/htdocs\/apuestas24\/wp-config.php","line":98}

Jul 17 2019 20:27:21
{"type":2,"message":"include_once(): Failed opening '\/var\/lib\/sec\/wp-settings.php' for inclusion (include_path='.:\/Applications\/MAMP\/bin\/php\/php7.1.20\/lib\/php')","file":"\/Applications\/MAMP\/htdocs\/apuestas24\/wp-config.php","line":98}

Jul 17 2019 20:27:32
{"type":2,"message":"include_once(): Failed opening '\/var\/lib\/sec\/wp-settings.php' for inclusion (include_path='.:\/Applications\/MAMP\/bin\/php\/php7.1.20\/lib\/php')","file":"\/Applications\/MAMP\/htdocs\/apuestas24\/wp-config.php","line":98}

Jul 17 2019 20:27:38
{"type":2,"message":"include_once(): Failed opening '\/var\/lib\/sec\/wp-settings.php' for inclusion (include_path='.:\/Applications\/MAMP\/bin\/php\/php7.1.20\/lib\/php')","file":"\/Applications\/MAMP\/htdocs\/apuestas24\/wp-config.php","line":98}

Jul 17 2019 20:27:40
{"type":2,"message":"include_once(): Failed opening '\/var\/lib\/sec\/wp-settings.php' for inclusion (include_path='.:\/Applications\/MAMP\/bin\/php\/php7.1.20\/lib\/php')","file":"\/Applications\/MAMP\/htdocs\/apuestas24\/wp-config.php","line":98}

Jul 17 2019 20:27:41
{"type":2,"message":"include_once(): Failed opening '\/var\/lib\/sec\/wp-settings.php' for inclusion (include_path='.:\/Applications\/MAMP\/bin\/php\/php7.1.20\/lib\/php')","file":"\/Applications\/MAMP\/htdocs\/apuestas24\/wp-config.php","line":98}

Jul 17 2019 20:27:42
{"type":2,"message":"include_once(): Failed opening '\/var\/lib\/sec\/wp-settings.php' for inclusion (include_path='.:\/Applications\/MAMP\/bin\/php\/php7.1.20\/lib\/php')","file":"\/Applications\/MAMP\/htdocs\/apuestas24\/wp-config.php","line":98}

Jul 17 2019 20:27:44
{"type":2,"message":"include_once(): Failed opening '\/var\/lib\/sec\/wp-settings.php' for inclusion (include_path='.:\/Applications\/MAMP\/bin\/php\/php7.1.20\/lib\/php')","file":"\/Applications\/MAMP\/htdocs\/apuestas24\/wp-config.php","line":98}

Jul 17 2019 20:45:57
{"type":2,"message":"include_once(): Failed opening '\/var\/lib\/sec\/wp-settings.php' for inclusion (include_path='.:\/Applications\/MAMP\/bin\/php\/php7.1.20\/lib\/php')","file":"\/Applications\/MAMP\/htdocs\/apuestas24\/wp-config.php","line":98}

Jul 17 2019 20:45:59
{"type":2,"message":"include_once(): Failed opening '\/var\/lib\/sec\/wp-settings.php' for inclusion (include_path='.:\/Applications\/MAMP\/bin\/php\/php7.1.20\/lib\/php')","file":"\/Applications\/MAMP\/htdocs\/apuestas24\/wp-config.php","line":98}

Jul 17 2019 20:46:00
{"type":2,"message":"include_once(): Failed opening '\/var\/lib\/sec\/wp-settings.php' for inclusion (include_path='.:\/Applications\/MAMP\/bin\/php\/php7.1.20\/lib\/php')","file":"\/Applications\/MAMP\/htdocs\/apuestas24\/wp-config.php","line":98}

Jul 17 2019 20:46:01
{"type":2,"message":"include_once(): Failed opening '\/var\/lib\/sec\/wp-settings.php' for inclusion (include_path='.:\/Applications\/MAMP\/bin\/php\/php7.1.20\/lib\/php')","file":"\/Applications\/MAMP\/htdocs\/apuestas24\/wp-config.php","line":98}

Jul 17 2019 20:46:03
{"type":2,"message":"include_once(): Failed opening '\/var\/lib\/sec\/wp-settings.php' for inclusion (include_path='.:\/Applications\/MAMP\/bin\/php\/php7.1.20\/lib\/php')","file":"\/Applications\/MAMP\/htdocs\/apuestas24\/wp-config.php","line":98}

Jul 17 2019 20:46:15
{"type":2,"message":"include_once(): Failed opening '\/var\/lib\/sec\/wp-settings.php' for inclusion (include_path='.:\/Applications\/MAMP\/bin\/php\/php7.1.20\/lib\/php')","file":"\/Applications\/MAMP\/htdocs\/apuestas24\/wp-config.php","line":98}

Jul 17 2019 20:46:26
{"type":2,"message":"include_once(): Failed opening '\/var\/lib\/sec\/wp-settings.php' for inclusion (include_path='.:\/Applications\/MAMP\/bin\/php\/php7.1.20\/lib\/php')","file":"\/Applications\/MAMP\/htdocs\/apuestas24\/wp-config.php","line":98}

Jul 17 2019 20:46:37
{"type":2,"message":"include_once(): Failed opening '\/var\/lib\/sec\/wp-settings.php' for inclusion (include_path='.:\/Applications\/MAMP\/bin\/php\/php7.1.20\/lib\/php')","file":"\/Applications\/MAMP\/htdocs\/apuestas24\/wp-config.php","line":98}

Jul 17 2019 20:46:48
{"type":2,"message":"include_once(): Failed opening '\/var\/lib\/sec\/wp-settings.php' for inclusion (include_path='.:\/Applications\/MAMP\/bin\/php\/php7.1.20\/lib\/php')","file":"\/Applications\/MAMP\/htdocs\/apuestas24\/wp-config.php","line":98}

Jul 17 2019 20:46:50
{"type":2,"message":"include_once(): Failed opening '\/var\/lib\/sec\/wp-settings.php' for inclusion (include_path='.:\/Applications\/MAMP\/bin\/php\/php7.1.20\/lib\/php')","file":"\/Applications\/MAMP\/htdocs\/apuestas24\/wp-config.php","line":98}

Jul 17 2019 20:46:52
{"type":2,"message":"include_once(): Failed opening '\/var\/lib\/sec\/wp-settings.php' for inclusion (include_path='.:\/Applications\/MAMP\/bin\/php\/php7.1.20\/lib\/php')","file":"\/Applications\/MAMP\/htdocs\/apuestas24\/wp-config.php","line":98}

Jul 17 2019 20:46:53
{"type":2,"message":"include_once(): Failed opening '\/var\/lib\/sec\/wp-settings.php' for inclusion (include_path='.:\/Applications\/MAMP\/bin\/php\/php7.1.20\/lib\/php')","file":"\/Applications\/MAMP\/htdocs\/apuestas24\/wp-config.php","line":98}

Jul 17 2019 20:46:54
{"type":2,"message":"include_once(): Failed opening '\/var\/lib\/sec\/wp-settings.php' for inclusion (include_path='.:\/Applications\/MAMP\/bin\/php\/php7.1.20\/lib\/php')","file":"\/Applications\/MAMP\/htdocs\/apuestas24\/wp-config.php","line":98}

Jul 17 2019 20:46:55
{"type":2,"message":"include_once(): Failed opening '\/var\/lib\/sec\/wp-settings.php' for inclusion (include_path='.:\/Applications\/MAMP\/bin\/php\/php7.1.20\/lib\/php')","file":"\/Applications\/MAMP\/htdocs\/apuestas24\/wp-config.php","line":98}

Jul 18 2019 22:54:52
{"type":8,"message":"Undefined variable: list_cats","file":"\/Applications\/MAMP\/htdocs\/apuestas-deportivas\/wp-content\/themes\/goapostas\/inc\/widgets\/palpite-single.php","line":74}

Jul 18 2019 22:54:53
{"type":8,"message":"Undefined variable: list_cats","file":"\/Applications\/MAMP\/htdocs\/apuestas-deportivas\/wp-content\/themes\/goapostas\/inc\/widgets\/palpite-single.php","line":74}

Jul 18 2019 22:54:55
{"type":8,"message":"Undefined variable: list_cats","file":"\/Applications\/MAMP\/htdocs\/apuestas-deportivas\/wp-content\/themes\/goapostas\/inc\/widgets\/palpite-single.php","line":74}

Jul 18 2019 22:54:56
{"type":8,"message":"Undefined variable: list_cats","file":"\/Applications\/MAMP\/htdocs\/apuestas-deportivas\/wp-content\/themes\/goapostas\/inc\/widgets\/palpite-single.php","line":74}

Jul 18 2019 22:54:58
{"type":8,"message":"Undefined variable: list_cats","file":"\/Applications\/MAMP\/htdocs\/apuestas-deportivas\/wp-content\/themes\/goapostas\/inc\/widgets\/palpite-single.php","line":74}

Jul 18 2019 22:54:59
{"type":8,"message":"Undefined variable: list_cats","file":"\/Applications\/MAMP\/htdocs\/apuestas-deportivas\/wp-content\/themes\/goapostas\/inc\/widgets\/palpite-single.php","line":74}

Jul 18 2019 22:55:11
{"type":8,"message":"Undefined variable: list_cats","file":"\/Applications\/MAMP\/htdocs\/apuestas-deportivas\/wp-content\/themes\/goapostas\/inc\/widgets\/palpite-single.php","line":74}

Jul 18 2019 22:55:19
{"type":8,"message":"Undefined variable: list_cats","file":"\/Applications\/MAMP\/htdocs\/apuestas-deportivas\/wp-content\/themes\/goapostas\/inc\/widgets\/palpite-single.php","line":74}

Jul 18 2019 22:55:21
{"type":8,"message":"Undefined variable: list_cats","file":"\/Applications\/MAMP\/htdocs\/apuestas-deportivas\/wp-content\/themes\/goapostas\/inc\/widgets\/palpite-single.php","line":74}

Jul 18 2019 22:55:22
{"type":8,"message":"Undefined variable: list_cats","file":"\/Applications\/MAMP\/htdocs\/apuestas-deportivas\/wp-content\/themes\/goapostas\/inc\/widgets\/palpite-single.php","line":74}

Jul 18 2019 22:55:23
{"type":8,"message":"Undefined variable: list_cats","file":"\/Applications\/MAMP\/htdocs\/apuestas-deportivas\/wp-content\/themes\/goapostas\/inc\/widgets\/palpite-single.php","line":74}

Jul 19 2019 14:04:05
{"Number":8,"Message":"unserialize(): Error at offset 207 of 2384 bytes","File":"\/Applications\/MAMP\/htdocs\/apuestas_deportivas\/wp-content\/plugins\/all-in-one-wp-migration\/lib\/vendor\/servmask\/database\/class-ai1wm-database-utility.php","Line":64}

Jul 19 2019 14:04:05
{"Number":8,"Message":"unserialize(): Error at offset 553 of 5881 bytes","File":"\/Applications\/MAMP\/htdocs\/apuestas_deportivas\/wp-content\/plugins\/all-in-one-wp-migration\/lib\/vendor\/servmask\/database\/class-ai1wm-database-utility.php","Line":64}

Jul 19 2019 14:04:06
{"Number":8,"Message":"unserialize(): Error at offset 3114 of 3339 bytes","File":"\/Applications\/MAMP\/htdocs\/apuestas_deportivas\/wp-content\/plugins\/all-in-one-wp-migration\/lib\/vendor\/servmask\/database\/class-ai1wm-database-utility.php","Line":64}

Jul 19 2019 14:04:06
{"Number":8,"Message":"unserialize(): Error at offset 24128 of 24139 bytes","File":"\/Applications\/MAMP\/htdocs\/apuestas_deportivas\/wp-content\/plugins\/all-in-one-wp-migration\/lib\/vendor\/servmask\/database\/class-ai1wm-database-utility.php","Line":64}

Jul 19 2019 14:04:06
{"Number":8,"Message":"unserialize(): Error at offset 629 of 6099 bytes","File":"\/Applications\/MAMP\/htdocs\/apuestas_deportivas\/wp-content\/plugins\/all-in-one-wp-migration\/lib\/vendor\/servmask\/database\/class-ai1wm-database-utility.php","Line":64}

Jul 19 2019 14:04:06
{"Number":8,"Message":"unserialize(): Error at offset 1611 of 3432 bytes","File":"\/Applications\/MAMP\/htdocs\/apuestas_deportivas\/wp-content\/plugins\/all-in-one-wp-migration\/lib\/vendor\/servmask\/database\/class-ai1wm-database-utility.php","Line":64}

Jul 19 2019 14:04:18
{"Number":8,"Message":"unserialize(): Error at offset 107 of 139 bytes","File":"\/Applications\/MAMP\/htdocs\/apuestas_deportivas\/wp-content\/plugins\/all-in-one-wp-migration\/lib\/vendor\/servmask\/database\/class-ai1wm-database-utility.php","Line":64}

Jul 19 2019 14:04:18
{"Number":8,"Message":"unserialize(): Error at offset 111 of 177 bytes","File":"\/Applications\/MAMP\/htdocs\/apuestas_deportivas\/wp-content\/plugins\/all-in-one-wp-migration\/lib\/vendor\/servmask\/database\/class-ai1wm-database-utility.php","Line":64}

Jul 19 2019 14:04:18
{"Number":8,"Message":"unserialize(): Error at offset 113 of 174 bytes","File":"\/Applications\/MAMP\/htdocs\/apuestas_deportivas\/wp-content\/plugins\/all-in-one-wp-migration\/lib\/vendor\/servmask\/database\/class-ai1wm-database-utility.php","Line":64}

Jul 19 2019 14:04:18
{"Number":8,"Message":"unserialize(): Error at offset 111 of 172 bytes","File":"\/Applications\/MAMP\/htdocs\/apuestas_deportivas\/wp-content\/plugins\/all-in-one-wp-migration\/lib\/vendor\/servmask\/database\/class-ai1wm-database-utility.php","Line":64}

Jul 19 2019 14:04:18
{"Number":8,"Message":"unserialize(): Error at offset 113 of 174 bytes","File":"\/Applications\/MAMP\/htdocs\/apuestas_deportivas\/wp-content\/plugins\/all-in-one-wp-migration\/lib\/vendor\/servmask\/database\/class-ai1wm-database-utility.php","Line":64}

Jul 19 2019 14:04:18
{"Number":8,"Message":"unserialize(): Error at offset 117 of 178 bytes","File":"\/Applications\/MAMP\/htdocs\/apuestas_deportivas\/wp-content\/plugins\/all-in-one-wp-migration\/lib\/vendor\/servmask\/database\/class-ai1wm-database-utility.php","Line":64}

Jul 19 2019 14:04:18
{"Number":8,"Message":"unserialize(): Error at offset 115 of 176 bytes","File":"\/Applications\/MAMP\/htdocs\/apuestas_deportivas\/wp-content\/plugins\/all-in-one-wp-migration\/lib\/vendor\/servmask\/database\/class-ai1wm-database-utility.php","Line":64}

Jul 19 2019 14:04:21
{"Number":8,"Message":"unserialize(): Error at offset 9872 of 10033 bytes","File":"\/Applications\/MAMP\/htdocs\/apuestas_deportivas\/wp-content\/plugins\/all-in-one-wp-migration\/lib\/vendor\/servmask\/database\/class-ai1wm-database-utility.php","Line":64}

Jul 19 2019 14:04:21
{"Number":8,"Message":"unserialize(): Error at offset 359 of 505 bytes","File":"\/Applications\/MAMP\/htdocs\/apuestas_deportivas\/wp-content\/plugins\/all-in-one-wp-migration\/lib\/vendor\/servmask\/database\/class-ai1wm-database-utility.php","Line":64}

Jul 19 2019 14:04:21
{"Number":8,"Message":"unserialize(): Error at offset 264 of 883 bytes","File":"\/Applications\/MAMP\/htdocs\/apuestas_deportivas\/wp-content\/plugins\/all-in-one-wp-migration\/lib\/vendor\/servmask\/database\/class-ai1wm-database-utility.php","Line":64}

Jul 19 2019 14:04:21
{"Number":8,"Message":"unserialize(): Error at offset 259 of 782 bytes","File":"\/Applications\/MAMP\/htdocs\/apuestas_deportivas\/wp-content\/plugins\/all-in-one-wp-migration\/lib\/vendor\/servmask\/database\/class-ai1wm-database-utility.php","Line":64}

Jul 19 2019 14:04:21
{"Number":8,"Message":"unserialize(): Error at offset 262 of 785 bytes","File":"\/Applications\/MAMP\/htdocs\/apuestas_deportivas\/wp-content\/plugins\/all-in-one-wp-migration\/lib\/vendor\/servmask\/database\/class-ai1wm-database-utility.php","Line":64}

Jul 19 2019 14:04:21
{"Number":8,"Message":"unserialize(): Error at offset 262 of 785 bytes","File":"\/Applications\/MAMP\/htdocs\/apuestas_deportivas\/wp-content\/plugins\/all-in-one-wp-migration\/lib\/vendor\/servmask\/database\/class-ai1wm-database-utility.php","Line":64}

Jul 19 2019 14:04:21
{"Number":8,"Message":"unserialize(): Error at offset 259 of 782 bytes","File":"\/Applications\/MAMP\/htdocs\/apuestas_deportivas\/wp-content\/plugins\/all-in-one-wp-migration\/lib\/vendor\/servmask\/database\/class-ai1wm-database-utility.php","Line":64}

Jul 19 2019 14:04:21
{"Number":8,"Message":"unserialize(): Error at offset 259 of 782 bytes","File":"\/Applications\/MAMP\/htdocs\/apuestas_deportivas\/wp-content\/plugins\/all-in-one-wp-migration\/lib\/vendor\/servmask\/database\/class-ai1wm-database-utility.php","Line":64}

Jul 19 2019 14:04:21
{"Number":8,"Message":"unserialize(): Error at offset 356 of 879 bytes","File":"\/Applications\/MAMP\/htdocs\/apuestas_deportivas\/wp-content\/plugins\/all-in-one-wp-migration\/lib\/vendor\/servmask\/database\/class-ai1wm-database-utility.php","Line":64}

Jul 19 2019 14:04:21
{"Number":8,"Message":"unserialize(): Error at offset 377 of 900 bytes","File":"\/Applications\/MAMP\/htdocs\/apuestas_deportivas\/wp-content\/plugins\/all-in-one-wp-migration\/lib\/vendor\/servmask\/database\/class-ai1wm-database-utility.php","Line":64}

Jul 19 2019 14:04:21
{"Number":8,"Message":"unserialize(): Error at offset 283 of 806 bytes","File":"\/Applications\/MAMP\/htdocs\/apuestas_deportivas\/wp-content\/plugins\/all-in-one-wp-migration\/lib\/vendor\/servmask\/database\/class-ai1wm-database-utility.php","Line":64}

Jul 19 2019 14:04:21
{"Number":8,"Message":"unserialize(): Error at offset 227 of 751 bytes","File":"\/Applications\/MAMP\/htdocs\/apuestas_deportivas\/wp-content\/plugins\/all-in-one-wp-migration\/lib\/vendor\/servmask\/database\/class-ai1wm-database-utility.php","Line":64}

Jul 19 2019 14:04:21
{"Number":8,"Message":"unserialize(): Error at offset 227 of 751 bytes","File":"\/Applications\/MAMP\/htdocs\/apuestas_deportivas\/wp-content\/plugins\/all-in-one-wp-migration\/lib\/vendor\/servmask\/database\/class-ai1wm-database-utility.php","Line":64}

Jul 19 2019 14:04:21
{"Number":8,"Message":"unserialize(): Error at offset 227 of 751 bytes","File":"\/Applications\/MAMP\/htdocs\/apuestas_deportivas\/wp-content\/plugins\/all-in-one-wp-migration\/lib\/vendor\/servmask\/database\/class-ai1wm-database-utility.php","Line":64}

Jul 19 2019 14:04:21
{"Number":8,"Message":"unserialize(): Error at offset 227 of 751 bytes","File":"\/Applications\/MAMP\/htdocs\/apuestas_deportivas\/wp-content\/plugins\/all-in-one-wp-migration\/lib\/vendor\/servmask\/database\/class-ai1wm-database-utility.php","Line":64}

Jul 19 2019 14:04:21
{"Number":8,"Message":"unserialize(): Error at offset 341 of 866 bytes","File":"\/Applications\/MAMP\/htdocs\/apuestas_deportivas\/wp-content\/plugins\/all-in-one-wp-migration\/lib\/vendor\/servmask\/database\/class-ai1wm-database-utility.php","Line":64}

Jul 19 2019 14:04:21
{"Number":8,"Message":"unserialize(): Error at offset 261 of 786 bytes","File":"\/Applications\/MAMP\/htdocs\/apuestas_deportivas\/wp-content\/plugins\/all-in-one-wp-migration\/lib\/vendor\/servmask\/database\/class-ai1wm-database-utility.php","Line":64}

Jul 19 2019 14:04:21
{"Number":8,"Message":"unserialize(): Error at offset 261 of 786 bytes","File":"\/Applications\/MAMP\/htdocs\/apuestas_deportivas\/wp-content\/plugins\/all-in-one-wp-migration\/lib\/vendor\/servmask\/database\/class-ai1wm-database-utility.php","Line":64}

Jul 19 2019 14:04:21
{"Number":8,"Message":"unserialize(): Error at offset 309 of 834 bytes","File":"\/Applications\/MAMP\/htdocs\/apuestas_deportivas\/wp-content\/plugins\/all-in-one-wp-migration\/lib\/vendor\/servmask\/database\/class-ai1wm-database-utility.php","Line":64}

Jul 19 2019 14:04:21
{"Number":8,"Message":"unserialize(): Error at offset 144 of 668 bytes","File":"\/Applications\/MAMP\/htdocs\/apuestas_deportivas\/wp-content\/plugins\/all-in-one-wp-migration\/lib\/vendor\/servmask\/database\/class-ai1wm-database-utility.php","Line":64}

Jul 19 2019 14:04:21
{"Number":8,"Message":"unserialize(): Error at offset 304 of 829 bytes","File":"\/Applications\/MAMP\/htdocs\/apuestas_deportivas\/wp-content\/plugins\/all-in-one-wp-migration\/lib\/vendor\/servmask\/database\/class-ai1wm-database-utility.php","Line":64}

Jul 19 2019 14:04:21
{"Number":8,"Message":"unserialize(): Error at offset 361 of 885 bytes","File":"\/Applications\/MAMP\/htdocs\/apuestas_deportivas\/wp-content\/plugins\/all-in-one-wp-migration\/lib\/vendor\/servmask\/database\/class-ai1wm-database-utility.php","Line":64}

Jul 19 2019 14:04:22
{"Number":8,"Message":"unserialize(): Error at offset 305 of 829 bytes","File":"\/Applications\/MAMP\/htdocs\/apuestas_deportivas\/wp-content\/plugins\/all-in-one-wp-migration\/lib\/vendor\/servmask\/database\/class-ai1wm-database-utility.php","Line":64}

Jul 19 2019 14:04:22
{"Number":8,"Message":"unserialize(): Error at offset 300 of 824 bytes","File":"\/Applications\/MAMP\/htdocs\/apuestas_deportivas\/wp-content\/plugins\/all-in-one-wp-migration\/lib\/vendor\/servmask\/database\/class-ai1wm-database-utility.php","Line":64}

Jul 19 2019 14:04:22
{"Number":8,"Message":"unserialize(): Error at offset 307 of 831 bytes","File":"\/Applications\/MAMP\/htdocs\/apuestas_deportivas\/wp-content\/plugins\/all-in-one-wp-migration\/lib\/vendor\/servmask\/database\/class-ai1wm-database-utility.php","Line":64}

Jul 19 2019 14:04:22
{"Number":8,"Message":"unserialize(): Error at offset 302 of 826 bytes","File":"\/Applications\/MAMP\/htdocs\/apuestas_deportivas\/wp-content\/plugins\/all-in-one-wp-migration\/lib\/vendor\/servmask\/database\/class-ai1wm-database-utility.php","Line":64}

Jul 19 2019 14:04:23
{"Number":8,"Message":"unserialize(): Error at offset 282 of 807 bytes","File":"\/Applications\/MAMP\/htdocs\/apuestas_deportivas\/wp-content\/plugins\/all-in-one-wp-migration\/lib\/vendor\/servmask\/database\/class-ai1wm-database-utility.php","Line":64}

Jul 19 2019 14:04:23
{"Number":8,"Message":"unserialize(): Error at offset 267 of 793 bytes","File":"\/Applications\/MAMP\/htdocs\/apuestas_deportivas\/wp-content\/plugins\/all-in-one-wp-migration\/lib\/vendor\/servmask\/database\/class-ai1wm-database-utility.php","Line":64}

Jul 19 2019 14:04:23
{"Number":8,"Message":"unserialize(): Error at offset 320 of 845 bytes","File":"\/Applications\/MAMP\/htdocs\/apuestas_deportivas\/wp-content\/plugins\/all-in-one-wp-migration\/lib\/vendor\/servmask\/database\/class-ai1wm-database-utility.php","Line":64}

Jul 19 2019 14:04:23
{"Number":8,"Message":"unserialize(): Error at offset 305 of 830 bytes","File":"\/Applications\/MAMP\/htdocs\/apuestas_deportivas\/wp-content\/plugins\/all-in-one-wp-migration\/lib\/vendor\/servmask\/database\/class-ai1wm-database-utility.php","Line":64}

Jul 19 2019 14:04:23
{"Number":8,"Message":"unserialize(): Error at offset 267 of 793 bytes","File":"\/Applications\/MAMP\/htdocs\/apuestas_deportivas\/wp-content\/plugins\/all-in-one-wp-migration\/lib\/vendor\/servmask\/database\/class-ai1wm-database-utility.php","Line":64}

Jul 19 2019 14:04:23
{"Number":8,"Message":"unserialize(): Error at offset 323 of 848 bytes","File":"\/Applications\/MAMP\/htdocs\/apuestas_deportivas\/wp-content\/plugins\/all-in-one-wp-migration\/lib\/vendor\/servmask\/database\/class-ai1wm-database-utility.php","Line":64}

Jul 19 2019 14:04:24
{"Number":8,"Message":"unserialize(): Error at offset 306 of 831 bytes","File":"\/Applications\/MAMP\/htdocs\/apuestas_deportivas\/wp-content\/plugins\/all-in-one-wp-migration\/lib\/vendor\/servmask\/database\/class-ai1wm-database-utility.php","Line":64}

Jul 19 2019 14:04:24
{"Number":8,"Message":"unserialize(): Error at offset 304 of 828 bytes","File":"\/Applications\/MAMP\/htdocs\/apuestas_deportivas\/wp-content\/plugins\/all-in-one-wp-migration\/lib\/vendor\/servmask\/database\/class-ai1wm-database-utility.php","Line":64}

Jul 19 2019 14:04:24
{"Number":8,"Message":"unserialize(): Error at offset 313 of 837 bytes","File":"\/Applications\/MAMP\/htdocs\/apuestas_deportivas\/wp-content\/plugins\/all-in-one-wp-migration\/lib\/vendor\/servmask\/database\/class-ai1wm-database-utility.php","Line":64}

Jul 19 2019 14:04:24
{"Number":8,"Message":"unserialize(): Error at offset 313 of 837 bytes","File":"\/Applications\/MAMP\/htdocs\/apuestas_deportivas\/wp-content\/plugins\/all-in-one-wp-migration\/lib\/vendor\/servmask\/database\/class-ai1wm-database-utility.php","Line":64}

Jul 19 2019 14:04:24
{"Number":8,"Message":"unserialize(): Error at offset 308 of 833 bytes","File":"\/Applications\/MAMP\/htdocs\/apuestas_deportivas\/wp-content\/plugins\/all-in-one-wp-migration\/lib\/vendor\/servmask\/database\/class-ai1wm-database-utility.php","Line":64}

Jul 19 2019 14:04:24
{"Number":8,"Message":"unserialize(): Error at offset 283 of 809 bytes","File":"\/Applications\/MAMP\/htdocs\/apuestas_deportivas\/wp-content\/plugins\/all-in-one-wp-migration\/lib\/vendor\/servmask\/database\/class-ai1wm-database-utility.php","Line":64}

Jul 19 2019 14:04:24
{"Number":8,"Message":"unserialize(): Error at offset 283 of 809 bytes","File":"\/Applications\/MAMP\/htdocs\/apuestas_deportivas\/wp-content\/plugins\/all-in-one-wp-migration\/lib\/vendor\/servmask\/database\/class-ai1wm-database-utility.php","Line":64}

Jul 19 2019 14:04:25
{"Number":8,"Message":"unserialize(): Error at offset 309 of 834 bytes","File":"\/Applications\/MAMP\/htdocs\/apuestas_deportivas\/wp-content\/plugins\/all-in-one-wp-migration\/lib\/vendor\/servmask\/database\/class-ai1wm-database-utility.php","Line":64}

Jul 19 2019 14:04:25
{"Number":8,"Message":"unserialize(): Error at offset 300 of 825 bytes","File":"\/Applications\/MAMP\/htdocs\/apuestas_deportivas\/wp-content\/plugins\/all-in-one-wp-migration\/lib\/vendor\/servmask\/database\/class-ai1wm-database-utility.php","Line":64}

Jul 19 2019 14:04:25
{"Number":8,"Message":"unserialize(): Error at offset 268 of 793 bytes","File":"\/Applications\/MAMP\/htdocs\/apuestas_deportivas\/wp-content\/plugins\/all-in-one-wp-migration\/lib\/vendor\/servmask\/database\/class-ai1wm-database-utility.php","Line":64}

Jul 19 2019 14:04:25
{"Number":8,"Message":"unserialize(): Error at offset 268 of 794 bytes","File":"\/Applications\/MAMP\/htdocs\/apuestas_deportivas\/wp-content\/plugins\/all-in-one-wp-migration\/lib\/vendor\/servmask\/database\/class-ai1wm-database-utility.php","Line":64}

Jul 19 2019 14:04:25
{"Number":8,"Message":"unserialize(): Error at offset 287 of 813 bytes","File":"\/Applications\/MAMP\/htdocs\/apuestas_deportivas\/wp-content\/plugins\/all-in-one-wp-migration\/lib\/vendor\/servmask\/database\/class-ai1wm-database-utility.php","Line":64}

Jul 19 2019 14:04:25
{"Number":8,"Message":"unserialize(): Error at offset 287 of 813 bytes","File":"\/Applications\/MAMP\/htdocs\/apuestas_deportivas\/wp-content\/plugins\/all-in-one-wp-migration\/lib\/vendor\/servmask\/database\/class-ai1wm-database-utility.php","Line":64}

Jul 19 2019 14:04:25
{"Number":8,"Message":"unserialize(): Error at offset 330 of 856 bytes","File":"\/Applications\/MAMP\/htdocs\/apuestas_deportivas\/wp-content\/plugins\/all-in-one-wp-migration\/lib\/vendor\/servmask\/database\/class-ai1wm-database-utility.php","Line":64}

Jul 19 2019 14:04:26
{"Number":8,"Message":"unserialize(): Error at offset 315 of 841 bytes","File":"\/Applications\/MAMP\/htdocs\/apuestas_deportivas\/wp-content\/plugins\/all-in-one-wp-migration\/lib\/vendor\/servmask\/database\/class-ai1wm-database-utility.php","Line":64}

Jul 19 2019 14:04:26
{"Number":8,"Message":"unserialize(): Error at offset 227 of 754 bytes","File":"\/Applications\/MAMP\/htdocs\/apuestas_deportivas\/wp-content\/plugins\/all-in-one-wp-migration\/lib\/vendor\/servmask\/database\/class-ai1wm-database-utility.php","Line":64}

Jul 19 2019 14:04:26
{"Number":8,"Message":"unserialize(): Error at offset 299 of 826 bytes","File":"\/Applications\/MAMP\/htdocs\/apuestas_deportivas\/wp-content\/plugins\/all-in-one-wp-migration\/lib\/vendor\/servmask\/database\/class-ai1wm-database-utility.php","Line":64}

Jul 19 2019 14:04:26
{"Number":8,"Message":"unserialize(): Error at offset 310 of 836 bytes","File":"\/Applications\/MAMP\/htdocs\/apuestas_deportivas\/wp-content\/plugins\/all-in-one-wp-migration\/lib\/vendor\/servmask\/database\/class-ai1wm-database-utility.php","Line":64}

Jul 19 2019 14:04:26
{"Number":8,"Message":"unserialize(): Error at offset 310 of 839 bytes","File":"\/Applications\/MAMP\/htdocs\/apuestas_deportivas\/wp-content\/plugins\/all-in-one-wp-migration\/lib\/vendor\/servmask\/database\/class-ai1wm-database-utility.php","Line":64}

Jul 19 2019 14:04:27
{"Number":8,"Message":"unserialize(): Error at offset 238 of 767 bytes","File":"\/Applications\/MAMP\/htdocs\/apuestas_deportivas\/wp-content\/plugins\/all-in-one-wp-migration\/lib\/vendor\/servmask\/database\/class-ai1wm-database-utility.php","Line":64}

Jul 19 2019 14:04:27
{"Number":8,"Message":"unserialize(): Error at offset 257 of 787 bytes","File":"\/Applications\/MAMP\/htdocs\/apuestas_deportivas\/wp-content\/plugins\/all-in-one-wp-migration\/lib\/vendor\/servmask\/database\/class-ai1wm-database-utility.php","Line":64}

Jul 19 2019 14:04:27
{"Number":8,"Message":"unserialize(): Error at offset 287 of 817 bytes","File":"\/Applications\/MAMP\/htdocs\/apuestas_deportivas\/wp-content\/plugins\/all-in-one-wp-migration\/lib\/vendor\/servmask\/database\/class-ai1wm-database-utility.php","Line":64}

Jul 19 2019 14:04:27
{"Number":8,"Message":"unserialize(): Error at offset 377 of 907 bytes","File":"\/Applications\/MAMP\/htdocs\/apuestas_deportivas\/wp-content\/plugins\/all-in-one-wp-migration\/lib\/vendor\/servmask\/database\/class-ai1wm-database-utility.php","Line":64}

Jul 19 2019 14:04:27
{"Number":8,"Message":"unserialize(): Error at offset 312 of 842 bytes","File":"\/Applications\/MAMP\/htdocs\/apuestas_deportivas\/wp-content\/plugins\/all-in-one-wp-migration\/lib\/vendor\/servmask\/database\/class-ai1wm-database-utility.php","Line":64}

Jul 19 2019 14:04:28
{"Number":8,"Message":"unserialize(): Error at offset 317 of 847 bytes","File":"\/Applications\/MAMP\/htdocs\/apuestas_deportivas\/wp-content\/plugins\/all-in-one-wp-migration\/lib\/vendor\/servmask\/database\/class-ai1wm-database-utility.php","Line":64}

Jul 19 2019 14:04:29
{"Number":8,"Message":"unserialize(): Error at offset 342 of 869 bytes","File":"\/Applications\/MAMP\/htdocs\/apuestas_deportivas\/wp-content\/plugins\/all-in-one-wp-migration\/lib\/vendor\/servmask\/database\/class-ai1wm-database-utility.php","Line":64}

Jul 19 2019 14:04:29
{"Number":8,"Message":"unserialize(): Error at offset 317 of 845 bytes","File":"\/Applications\/MAMP\/htdocs\/apuestas_deportivas\/wp-content\/plugins\/all-in-one-wp-migration\/lib\/vendor\/servmask\/database\/class-ai1wm-database-utility.php","Line":64}

Jul 19 2019 14:04:29
{"Number":8,"Message":"unserialize(): Error at offset 310 of 838 bytes","File":"\/Applications\/MAMP\/htdocs\/apuestas_deportivas\/wp-content\/plugins\/all-in-one-wp-migration\/lib\/vendor\/servmask\/database\/class-ai1wm-database-utility.php","Line":64}

Jul 19 2019 14:04:30
{"Number":8,"Message":"unserialize(): Error at offset 328 of 856 bytes","File":"\/Applications\/MAMP\/htdocs\/apuestas_deportivas\/wp-content\/plugins\/all-in-one-wp-migration\/lib\/vendor\/servmask\/database\/class-ai1wm-database-utility.php","Line":64}

Jul 19 2019 14:04:30
{"Number":8,"Message":"unserialize(): Error at offset 283 of 810 bytes","File":"\/Applications\/MAMP\/htdocs\/apuestas_deportivas\/wp-content\/plugins\/all-in-one-wp-migration\/lib\/vendor\/servmask\/database\/class-ai1wm-database-utility.php","Line":64}

Jul 19 2019 14:04:30
{"Number":8,"Message":"unserialize(): Error at offset 282 of 811 bytes","File":"\/Applications\/MAMP\/htdocs\/apuestas_deportivas\/wp-content\/plugins\/all-in-one-wp-migration\/lib\/vendor\/servmask\/database\/class-ai1wm-database-utility.php","Line":64}

Jul 19 2019 14:04:30
{"Number":8,"Message":"unserialize(): Error at offset 282 of 811 bytes","File":"\/Applications\/MAMP\/htdocs\/apuestas_deportivas\/wp-content\/plugins\/all-in-one-wp-migration\/lib\/vendor\/servmask\/database\/class-ai1wm-database-utility.php","Line":64}

Jul 19 2019 14:04:30
{"Number":8,"Message":"unserialize(): Error at offset 282 of 811 bytes","File":"\/Applications\/MAMP\/htdocs\/apuestas_deportivas\/wp-content\/plugins\/all-in-one-wp-migration\/lib\/vendor\/servmask\/database\/class-ai1wm-database-utility.php","Line":64}

Jul 19 2019 14:04:30
{"Number":8,"Message":"unserialize(): Error at offset 318 of 846 bytes","File":"\/Applications\/MAMP\/htdocs\/apuestas_deportivas\/wp-content\/plugins\/all-in-one-wp-migration\/lib\/vendor\/servmask\/database\/class-ai1wm-database-utility.php","Line":64}

Jul 19 2019 14:04:30
{"Number":8,"Message":"unserialize(): Error at offset 295 of 824 bytes","File":"\/Applications\/MAMP\/htdocs\/apuestas_deportivas\/wp-content\/plugins\/all-in-one-wp-migration\/lib\/vendor\/servmask\/database\/class-ai1wm-database-utility.php","Line":64}

Jul 19 2019 14:04:31
{"Number":8,"Message":"unserialize(): Error at offset 324 of 853 bytes","File":"\/Applications\/MAMP\/htdocs\/apuestas_deportivas\/wp-content\/plugins\/all-in-one-wp-migration\/lib\/vendor\/servmask\/database\/class-ai1wm-database-utility.php","Line":64}

Jul 19 2019 14:04:31
{"Number":8,"Message":"unserialize(): Error at offset 281 of 810 bytes","File":"\/Applications\/MAMP\/htdocs\/apuestas_deportivas\/wp-content\/plugins\/all-in-one-wp-migration\/lib\/vendor\/servmask\/database\/class-ai1wm-database-utility.php","Line":64}

Jul 19 2019 14:04:31
{"Number":8,"Message":"unserialize(): Error at offset 295 of 824 bytes","File":"\/Applications\/MAMP\/htdocs\/apuestas_deportivas\/wp-content\/plugins\/all-in-one-wp-migration\/lib\/vendor\/servmask\/database\/class-ai1wm-database-utility.php","Line":64}

Jul 19 2019 14:04:31
{"Number":8,"Message":"unserialize(): Error at offset 295 of 824 bytes","File":"\/Applications\/MAMP\/htdocs\/apuestas_deportivas\/wp-content\/plugins\/all-in-one-wp-migration\/lib\/vendor\/servmask\/database\/class-ai1wm-database-utility.php","Line":64}

Jul 19 2019 14:04:31
{"Number":8,"Message":"unserialize(): Error at offset 304 of 833 bytes","File":"\/Applications\/MAMP\/htdocs\/apuestas_deportivas\/wp-content\/plugins\/all-in-one-wp-migration\/lib\/vendor\/servmask\/database\/class-ai1wm-database-utility.php","Line":64}

Jul 19 2019 14:04:31
{"Number":8,"Message":"unserialize(): Error at offset 288 of 817 bytes","File":"\/Applications\/MAMP\/htdocs\/apuestas_deportivas\/wp-content\/plugins\/all-in-one-wp-migration\/lib\/vendor\/servmask\/database\/class-ai1wm-database-utility.php","Line":64}

Jul 19 2019 14:04:32
{"Number":8,"Message":"unserialize(): Error at offset 311 of 840 bytes","File":"\/Applications\/MAMP\/htdocs\/apuestas_deportivas\/wp-content\/plugins\/all-in-one-wp-migration\/lib\/vendor\/servmask\/database\/class-ai1wm-database-utility.php","Line":64}

Jul 19 2019 14:04:32
{"Number":8,"Message":"unserialize(): Error at offset 256 of 784 bytes","File":"\/Applications\/MAMP\/htdocs\/apuestas_deportivas\/wp-content\/plugins\/all-in-one-wp-migration\/lib\/vendor\/servmask\/database\/class-ai1wm-database-utility.php","Line":64}

Jul 19 2019 14:04:32
{"Number":8,"Message":"unserialize(): Error at offset 300 of 828 bytes","File":"\/Applications\/MAMP\/htdocs\/apuestas_deportivas\/wp-content\/plugins\/all-in-one-wp-migration\/lib\/vendor\/servmask\/database\/class-ai1wm-database-utility.php","Line":64}

Jul 19 2019 14:04:32
{"Number":8,"Message":"unserialize(): Error at offset 275 of 803 bytes","File":"\/Applications\/MAMP\/htdocs\/apuestas_deportivas\/wp-content\/plugins\/all-in-one-wp-migration\/lib\/vendor\/servmask\/database\/class-ai1wm-database-utility.php","Line":64}

Jul 19 2019 14:04:32
{"Number":8,"Message":"unserialize(): Error at offset 291 of 820 bytes","File":"\/Applications\/MAMP\/htdocs\/apuestas_deportivas\/wp-content\/plugins\/all-in-one-wp-migration\/lib\/vendor\/servmask\/database\/class-ai1wm-database-utility.php","Line":64}

Jul 19 2019 14:04:32
{"Number":8,"Message":"unserialize(): Error at offset 271 of 799 bytes","File":"\/Applications\/MAMP\/htdocs\/apuestas_deportivas\/wp-content\/plugins\/all-in-one-wp-migration\/lib\/vendor\/servmask\/database\/class-ai1wm-database-utility.php","Line":64}

Jul 19 2019 14:04:32
{"Number":8,"Message":"unserialize(): Error at offset 318 of 846 bytes","File":"\/Applications\/MAMP\/htdocs\/apuestas_deportivas\/wp-content\/plugins\/all-in-one-wp-migration\/lib\/vendor\/servmask\/database\/class-ai1wm-database-utility.php","Line":64}

Jul 19 2019 14:04:32
{"Number":8,"Message":"unserialize(): Error at offset 262 of 791 bytes","File":"\/Applications\/MAMP\/htdocs\/apuestas_deportivas\/wp-content\/plugins\/all-in-one-wp-migration\/lib\/vendor\/servmask\/database\/class-ai1wm-database-utility.php","Line":64}

Jul 19 2019 14:04:32
{"Number":8,"Message":"unserialize(): Error at offset 360 of 889 bytes","File":"\/Applications\/MAMP\/htdocs\/apuestas_deportivas\/wp-content\/plugins\/all-in-one-wp-migration\/lib\/vendor\/servmask\/database\/class-ai1wm-database-utility.php","Line":64}

Jul 19 2019 14:04:32
{"Number":8,"Message":"unserialize(): Error at offset 296 of 826 bytes","File":"\/Applications\/MAMP\/htdocs\/apuestas_deportivas\/wp-content\/plugins\/all-in-one-wp-migration\/lib\/vendor\/servmask\/database\/class-ai1wm-database-utility.php","Line":64}

Jul 19 2019 14:04:32
{"Number":8,"Message":"unserialize(): Error at offset 293 of 823 bytes","File":"\/Applications\/MAMP\/htdocs\/apuestas_deportivas\/wp-content\/plugins\/all-in-one-wp-migration\/lib\/vendor\/servmask\/database\/class-ai1wm-database-utility.php","Line":64}

Jul 19 2019 14:04:33
{"Number":8,"Message":"unserialize(): Error at offset 286 of 816 bytes","File":"\/Applications\/MAMP\/htdocs\/apuestas_deportivas\/wp-content\/plugins\/all-in-one-wp-migration\/lib\/vendor\/servmask\/database\/class-ai1wm-database-utility.php","Line":64}

Jul 19 2019 14:04:33
{"Number":8,"Message":"unserialize(): Error at offset 337 of 867 bytes","File":"\/Applications\/MAMP\/htdocs\/apuestas_deportivas\/wp-content\/plugins\/all-in-one-wp-migration\/lib\/vendor\/servmask\/database\/class-ai1wm-database-utility.php","Line":64}

Jul 19 2019 14:04:33
{"Number":8,"Message":"unserialize(): Error at offset 317 of 814 bytes","File":"\/Applications\/MAMP\/htdocs\/apuestas_deportivas\/wp-content\/plugins\/all-in-one-wp-migration\/lib\/vendor\/servmask\/database\/class-ai1wm-database-utility.php","Line":64}

Jul 19 2019 14:04:33
{"Number":8,"Message":"unserialize(): Error at offset 331 of 828 bytes","File":"\/Applications\/MAMP\/htdocs\/apuestas_deportivas\/wp-content\/plugins\/all-in-one-wp-migration\/lib\/vendor\/servmask\/database\/class-ai1wm-database-utility.php","Line":64}

Jul 19 2019 14:04:33
{"Number":8,"Message":"unserialize(): Error at offset 331 of 828 bytes","File":"\/Applications\/MAMP\/htdocs\/apuestas_deportivas\/wp-content\/plugins\/all-in-one-wp-migration\/lib\/vendor\/servmask\/database\/class-ai1wm-database-utility.php","Line":64}

Jul 19 2019 14:04:33
{"Number":8,"Message":"unserialize(): Error at offset 331 of 828 bytes","File":"\/Applications\/MAMP\/htdocs\/apuestas_deportivas\/wp-content\/plugins\/all-in-one-wp-migration\/lib\/vendor\/servmask\/database\/class-ai1wm-database-utility.php","Line":64}

Jul 19 2019 14:04:34
{"Number":8,"Message":"unserialize(): Error at offset 387 of 884 bytes","File":"\/Applications\/MAMP\/htdocs\/apuestas_deportivas\/wp-content\/plugins\/all-in-one-wp-migration\/lib\/vendor\/servmask\/database\/class-ai1wm-database-utility.php","Line":64}

Jul 19 2019 14:04:34
{"Number":8,"Message":"unserialize(): Error at offset 280 of 778 bytes","File":"\/Applications\/MAMP\/htdocs\/apuestas_deportivas\/wp-content\/plugins\/all-in-one-wp-migration\/lib\/vendor\/servmask\/database\/class-ai1wm-database-utility.php","Line":64}

Jul 19 2019 14:04:34
{"Number":8,"Message":"unserialize(): Error at offset 291 of 784 bytes","File":"\/Applications\/MAMP\/htdocs\/apuestas_deportivas\/wp-content\/plugins\/all-in-one-wp-migration\/lib\/vendor\/servmask\/database\/class-ai1wm-database-utility.php","Line":64}

Jul 19 2019 14:04:34
{"Number":8,"Message":"unserialize(): Error at offset 309 of 801 bytes","File":"\/Applications\/MAMP\/htdocs\/apuestas_deportivas\/wp-content\/plugins\/all-in-one-wp-migration\/lib\/vendor\/servmask\/database\/class-ai1wm-database-utility.php","Line":64}

Jul 19 2019 14:04:34
{"Number":8,"Message":"unserialize(): Error at offset 268 of 760 bytes","File":"\/Applications\/MAMP\/htdocs\/apuestas_deportivas\/wp-content\/plugins\/all-in-one-wp-migration\/lib\/vendor\/servmask\/database\/class-ai1wm-database-utility.php","Line":64}

Jul 19 2019 14:04:34
{"Number":8,"Message":"unserialize(): Error at offset 274 of 767 bytes","File":"\/Applications\/MAMP\/htdocs\/apuestas_deportivas\/wp-content\/plugins\/all-in-one-wp-migration\/lib\/vendor\/servmask\/database\/class-ai1wm-database-utility.php","Line":64}

Jul 19 2019 14:04:34
{"Number":8,"Message":"unserialize(): Error at offset 317 of 810 bytes","File":"\/Applications\/MAMP\/htdocs\/apuestas_deportivas\/wp-content\/plugins\/all-in-one-wp-migration\/lib\/vendor\/servmask\/database\/class-ai1wm-database-utility.php","Line":64}

Jul 19 2019 14:04:34
{"Number":8,"Message":"unserialize(): Error at offset 317 of 810 bytes","File":"\/Applications\/MAMP\/htdocs\/apuestas_deportivas\/wp-content\/plugins\/all-in-one-wp-migration\/lib\/vendor\/servmask\/database\/class-ai1wm-database-utility.php","Line":64}

Jul 19 2019 14:04:34
{"Number":8,"Message":"unserialize(): Error at offset 288 of 781 bytes","File":"\/Applications\/MAMP\/htdocs\/apuestas_deportivas\/wp-content\/plugins\/all-in-one-wp-migration\/lib\/vendor\/servmask\/database\/class-ai1wm-database-utility.php","Line":64}

Jul 19 2019 14:04:34
{"Number":8,"Message":"unserialize(): Error at offset 280 of 774 bytes","File":"\/Applications\/MAMP\/htdocs\/apuestas_deportivas\/wp-content\/plugins\/all-in-one-wp-migration\/lib\/vendor\/servmask\/database\/class-ai1wm-database-utility.php","Line":64}

Jul 19 2019 14:04:34
{"Number":8,"Message":"unserialize(): Error at offset 297 of 791 bytes","File":"\/Applications\/MAMP\/htdocs\/apuestas_deportivas\/wp-content\/plugins\/all-in-one-wp-migration\/lib\/vendor\/servmask\/database\/class-ai1wm-database-utility.php","Line":64}

Jul 19 2019 14:04:34
{"Number":8,"Message":"unserialize(): Error at offset 369 of 862 bytes","File":"\/Applications\/MAMP\/htdocs\/apuestas_deportivas\/wp-content\/plugins\/all-in-one-wp-migration\/lib\/vendor\/servmask\/database\/class-ai1wm-database-utility.php","Line":64}

Jul 19 2019 14:04:34
{"Number":8,"Message":"unserialize(): Error at offset 305 of 798 bytes","File":"\/Applications\/MAMP\/htdocs\/apuestas_deportivas\/wp-content\/plugins\/all-in-one-wp-migration\/lib\/vendor\/servmask\/database\/class-ai1wm-database-utility.php","Line":64}

Jul 19 2019 14:04:34
{"Number":8,"Message":"unserialize(): Error at offset 323 of 816 bytes","File":"\/Applications\/MAMP\/htdocs\/apuestas_deportivas\/wp-content\/plugins\/all-in-one-wp-migration\/lib\/vendor\/servmask\/database\/class-ai1wm-database-utility.php","Line":64}

Jul 19 2019 14:04:35
{"Number":8,"Message":"unserialize(): Error at offset 284 of 777 bytes","File":"\/Applications\/MAMP\/htdocs\/apuestas_deportivas\/wp-content\/plugins\/all-in-one-wp-migration\/lib\/vendor\/servmask\/database\/class-ai1wm-database-utility.php","Line":64}

Jul 19 2019 14:04:35
{"Number":8,"Message":"unserialize(): Error at offset 324 of 818 bytes","File":"\/Applications\/MAMP\/htdocs\/apuestas_deportivas\/wp-content\/plugins\/all-in-one-wp-migration\/lib\/vendor\/servmask\/database\/class-ai1wm-database-utility.php","Line":64}

Jul 19 2019 14:04:35
{"Number":8,"Message":"unserialize(): Error at offset 287 of 780 bytes","File":"\/Applications\/MAMP\/htdocs\/apuestas_deportivas\/wp-content\/plugins\/all-in-one-wp-migration\/lib\/vendor\/servmask\/database\/class-ai1wm-database-utility.php","Line":64}

Jul 19 2019 14:04:35
{"Number":8,"Message":"unserialize(): Error at offset 282 of 775 bytes","File":"\/Applications\/MAMP\/htdocs\/apuestas_deportivas\/wp-content\/plugins\/all-in-one-wp-migration\/lib\/vendor\/servmask\/database\/class-ai1wm-database-utility.php","Line":64}

Jul 19 2019 14:04:35
{"Number":8,"Message":"unserialize(): Error at offset 282 of 775 bytes","File":"\/Applications\/MAMP\/htdocs\/apuestas_deportivas\/wp-content\/plugins\/all-in-one-wp-migration\/lib\/vendor\/servmask\/database\/class-ai1wm-database-utility.php","Line":64}

Jul 19 2019 14:04:35
{"Number":8,"Message":"unserialize(): Error at offset 284 of 779 bytes","File":"\/Applications\/MAMP\/htdocs\/apuestas_deportivas\/wp-content\/plugins\/all-in-one-wp-migration\/lib\/vendor\/servmask\/database\/class-ai1wm-database-utility.php","Line":64}

Jul 19 2019 14:04:35
{"Number":8,"Message":"unserialize(): Error at offset 284 of 779 bytes","File":"\/Applications\/MAMP\/htdocs\/apuestas_deportivas\/wp-content\/plugins\/all-in-one-wp-migration\/lib\/vendor\/servmask\/database\/class-ai1wm-database-utility.php","Line":64}

Jul 19 2019 14:04:35
{"Number":8,"Message":"unserialize(): Error at offset 284 of 779 bytes","File":"\/Applications\/MAMP\/htdocs\/apuestas_deportivas\/wp-content\/plugins\/all-in-one-wp-migration\/lib\/vendor\/servmask\/database\/class-ai1wm-database-utility.php","Line":64}

Jul 19 2019 14:04:35
{"Number":8,"Message":"unserialize(): Error at offset 281 of 776 bytes","File":"\/Applications\/MAMP\/htdocs\/apuestas_deportivas\/wp-content\/plugins\/all-in-one-wp-migration\/lib\/vendor\/servmask\/database\/class-ai1wm-database-utility.php","Line":64}

Jul 19 2019 14:04:35
{"Number":8,"Message":"unserialize(): Error at offset 295 of 789 bytes","File":"\/Applications\/MAMP\/htdocs\/apuestas_deportivas\/wp-content\/plugins\/all-in-one-wp-migration\/lib\/vendor\/servmask\/database\/class-ai1wm-database-utility.php","Line":64}

Jul 19 2019 14:04:35
{"Number":8,"Message":"unserialize(): Error at offset 299 of 793 bytes","File":"\/Applications\/MAMP\/htdocs\/apuestas_deportivas\/wp-content\/plugins\/all-in-one-wp-migration\/lib\/vendor\/servmask\/database\/class-ai1wm-database-utility.php","Line":64}

Jul 19 2019 14:04:35
{"Number":8,"Message":"unserialize(): Error at offset 287 of 781 bytes","File":"\/Applications\/MAMP\/htdocs\/apuestas_deportivas\/wp-content\/plugins\/all-in-one-wp-migration\/lib\/vendor\/servmask\/database\/class-ai1wm-database-utility.php","Line":64}

Jul 19 2019 14:04:35
{"Number":8,"Message":"unserialize(): Error at offset 310 of 804 bytes","File":"\/Applications\/MAMP\/htdocs\/apuestas_deportivas\/wp-content\/plugins\/all-in-one-wp-migration\/lib\/vendor\/servmask\/database\/class-ai1wm-database-utility.php","Line":64}

Jul 19 2019 14:04:35
{"Number":8,"Message":"unserialize(): Error at offset 294 of 789 bytes","File":"\/Applications\/MAMP\/htdocs\/apuestas_deportivas\/wp-content\/plugins\/all-in-one-wp-migration\/lib\/vendor\/servmask\/database\/class-ai1wm-database-utility.php","Line":64}

Jul 19 2019 14:04:35
{"Number":8,"Message":"unserialize(): Error at offset 273 of 769 bytes","File":"\/Applications\/MAMP\/htdocs\/apuestas_deportivas\/wp-content\/plugins\/all-in-one-wp-migration\/lib\/vendor\/servmask\/database\/class-ai1wm-database-utility.php","Line":64}

Jul 19 2019 14:04:35
{"Number":8,"Message":"unserialize(): Error at offset 273 of 769 bytes","File":"\/Applications\/MAMP\/htdocs\/apuestas_deportivas\/wp-content\/plugins\/all-in-one-wp-migration\/lib\/vendor\/servmask\/database\/class-ai1wm-database-utility.php","Line":64}

Jul 19 2019 14:04:35
{"Number":8,"Message":"unserialize(): Error at offset 282 of 777 bytes","File":"\/Applications\/MAMP\/htdocs\/apuestas_deportivas\/wp-content\/plugins\/all-in-one-wp-migration\/lib\/vendor\/servmask\/database\/class-ai1wm-database-utility.php","Line":64}

Jul 19 2019 14:04:35
{"Number":8,"Message":"unserialize(): Error at offset 274 of 769 bytes","File":"\/Applications\/MAMP\/htdocs\/apuestas_deportivas\/wp-content\/plugins\/all-in-one-wp-migration\/lib\/vendor\/servmask\/database\/class-ai1wm-database-utility.php","Line":64}

Jul 19 2019 14:04:36
{"Number":8,"Message":"unserialize(): Error at offset 284 of 779 bytes","File":"\/Applications\/MAMP\/htdocs\/apuestas_deportivas\/wp-content\/plugins\/all-in-one-wp-migration\/lib\/vendor\/servmask\/database\/class-ai1wm-database-utility.php","Line":64}

Jul 19 2019 14:04:36
{"Number":8,"Message":"unserialize(): Error at offset 243 of 738 bytes","File":"\/Applications\/MAMP\/htdocs\/apuestas_deportivas\/wp-content\/plugins\/all-in-one-wp-migration\/lib\/vendor\/servmask\/database\/class-ai1wm-database-utility.php","Line":64}

Jul 19 2019 14:04:36
{"Number":8,"Message":"unserialize(): Error at offset 290 of 785 bytes","File":"\/Applications\/MAMP\/htdocs\/apuestas_deportivas\/wp-content\/plugins\/all-in-one-wp-migration\/lib\/vendor\/servmask\/database\/class-ai1wm-database-utility.php","Line":64}

Jul 19 2019 14:04:36
{"Number":8,"Message":"unserialize(): Error at offset 296 of 791 bytes","File":"\/Applications\/MAMP\/htdocs\/apuestas_deportivas\/wp-content\/plugins\/all-in-one-wp-migration\/lib\/vendor\/servmask\/database\/class-ai1wm-database-utility.php","Line":64}

Jul 19 2019 14:04:36
{"Number":8,"Message":"unserialize(): Error at offset 311 of 806 bytes","File":"\/Applications\/MAMP\/htdocs\/apuestas_deportivas\/wp-content\/plugins\/all-in-one-wp-migration\/lib\/vendor\/servmask\/database\/class-ai1wm-database-utility.php","Line":64}

Jul 19 2019 14:04:36
{"Number":8,"Message":"unserialize(): Error at offset 311 of 806 bytes","File":"\/Applications\/MAMP\/htdocs\/apuestas_deportivas\/wp-content\/plugins\/all-in-one-wp-migration\/lib\/vendor\/servmask\/database\/class-ai1wm-database-utility.php","Line":64}

Jul 19 2019 14:04:36
{"Number":8,"Message":"unserialize(): Error at offset 284 of 780 bytes","File":"\/Applications\/MAMP\/htdocs\/apuestas_deportivas\/wp-content\/plugins\/all-in-one-wp-migration\/lib\/vendor\/servmask\/database\/class-ai1wm-database-utility.php","Line":64}

Jul 19 2019 14:04:36
{"Number":8,"Message":"unserialize(): Error at offset 284 of 780 bytes","File":"\/Applications\/MAMP\/htdocs\/apuestas_deportivas\/wp-content\/plugins\/all-in-one-wp-migration\/lib\/vendor\/servmask\/database\/class-ai1wm-database-utility.php","Line":64}

Jul 19 2019 14:04:36
{"Number":8,"Message":"unserialize(): Error at offset 280 of 775 bytes","File":"\/Applications\/MAMP\/htdocs\/apuestas_deportivas\/wp-content\/plugins\/all-in-one-wp-migration\/lib\/vendor\/servmask\/database\/class-ai1wm-database-utility.php","Line":64}

Jul 19 2019 14:04:36
{"Number":8,"Message":"unserialize(): Error at offset 298 of 791 bytes","File":"\/Applications\/MAMP\/htdocs\/apuestas_deportivas\/wp-content\/plugins\/all-in-one-wp-migration\/lib\/vendor\/servmask\/database\/class-ai1wm-database-utility.php","Line":64}

Jul 19 2019 14:04:37
{"Number":8,"Message":"unserialize(): Error at offset 277 of 769 bytes","File":"\/Applications\/MAMP\/htdocs\/apuestas_deportivas\/wp-content\/plugins\/all-in-one-wp-migration\/lib\/vendor\/servmask\/database\/class-ai1wm-database-utility.php","Line":64}

Jul 19 2019 14:04:37
{"Number":8,"Message":"unserialize(): Error at offset 321 of 814 bytes","File":"\/Applications\/MAMP\/htdocs\/apuestas_deportivas\/wp-content\/plugins\/all-in-one-wp-migration\/lib\/vendor\/servmask\/database\/class-ai1wm-database-utility.php","Line":64}

Jul 19 2019 14:04:37
{"Number":8,"Message":"unserialize(): Error at offset 284 of 777 bytes","File":"\/Applications\/MAMP\/htdocs\/apuestas_deportivas\/wp-content\/plugins\/all-in-one-wp-migration\/lib\/vendor\/servmask\/database\/class-ai1wm-database-utility.php","Line":64}

Jul 19 2019 14:04:37
{"Number":8,"Message":"unserialize(): Error at offset 294 of 788 bytes","File":"\/Applications\/MAMP\/htdocs\/apuestas_deportivas\/wp-content\/plugins\/all-in-one-wp-migration\/lib\/vendor\/servmask\/database\/class-ai1wm-database-utility.php","Line":64}

Jul 19 2019 14:04:37
{"Number":8,"Message":"unserialize(): Error at offset 268 of 761 bytes","File":"\/Applications\/MAMP\/htdocs\/apuestas_deportivas\/wp-content\/plugins\/all-in-one-wp-migration\/lib\/vendor\/servmask\/database\/class-ai1wm-database-utility.php","Line":64}

Jul 19 2019 14:04:37
{"Number":8,"Message":"unserialize(): Error at offset 9930 of 10091 bytes","File":"\/Applications\/MAMP\/htdocs\/apuestas_deportivas\/wp-content\/plugins\/all-in-one-wp-migration\/lib\/vendor\/servmask\/database\/class-ai1wm-database-utility.php","Line":64}

Jul 19 2019 14:04:37
{"Number":8,"Message":"unserialize(): Error at offset 323 of 469 bytes","File":"\/Applications\/MAMP\/htdocs\/apuestas_deportivas\/wp-content\/plugins\/all-in-one-wp-migration\/lib\/vendor\/servmask\/database\/class-ai1wm-database-utility.php","Line":64}

Jul 19 2019 14:04:37
{"Number":8,"Message":"unserialize(): Error at offset 281 of 774 bytes","File":"\/Applications\/MAMP\/htdocs\/apuestas_deportivas\/wp-content\/plugins\/all-in-one-wp-migration\/lib\/vendor\/servmask\/database\/class-ai1wm-database-utility.php","Line":64}

Jul 19 2019 14:04:37
{"Number":8,"Message":"unserialize(): Error at offset 262 of 755 bytes","File":"\/Applications\/MAMP\/htdocs\/apuestas_deportivas\/wp-content\/plugins\/all-in-one-wp-migration\/lib\/vendor\/servmask\/database\/class-ai1wm-database-utility.php","Line":64}

Jul 19 2019 14:04:37
{"Number":8,"Message":"unserialize(): Error at offset 294 of 787 bytes","File":"\/Applications\/MAMP\/htdocs\/apuestas_deportivas\/wp-content\/plugins\/all-in-one-wp-migration\/lib\/vendor\/servmask\/database\/class-ai1wm-database-utility.php","Line":64}

Jul 19 2019 14:04:37
{"Number":8,"Message":"unserialize(): Error at offset 277 of 771 bytes","File":"\/Applications\/MAMP\/htdocs\/apuestas_deportivas\/wp-content\/plugins\/all-in-one-wp-migration\/lib\/vendor\/servmask\/database\/class-ai1wm-database-utility.php","Line":64}

Jul 19 2019 14:04:37
{"Number":8,"Message":"unserialize(): Error at offset 290 of 783 bytes","File":"\/Applications\/MAMP\/htdocs\/apuestas_deportivas\/wp-content\/plugins\/all-in-one-wp-migration\/lib\/vendor\/servmask\/database\/class-ai1wm-database-utility.php","Line":64}

Jul 19 2019 14:04:37
{"Number":8,"Message":"unserialize(): Error at offset 260 of 754 bytes","File":"\/Applications\/MAMP\/htdocs\/apuestas_deportivas\/wp-content\/plugins\/all-in-one-wp-migration\/lib\/vendor\/servmask\/database\/class-ai1wm-database-utility.php","Line":64}

Jul 19 2019 14:04:37
{"Number":8,"Message":"unserialize(): Error at offset 260 of 754 bytes","File":"\/Applications\/MAMP\/htdocs\/apuestas_deportivas\/wp-content\/plugins\/all-in-one-wp-migration\/lib\/vendor\/servmask\/database\/class-ai1wm-database-utility.php","Line":64}

Jul 19 2019 14:04:37
{"Number":8,"Message":"unserialize(): Error at offset 260 of 754 bytes","File":"\/Applications\/MAMP\/htdocs\/apuestas_deportivas\/wp-content\/plugins\/all-in-one-wp-migration\/lib\/vendor\/servmask\/database\/class-ai1wm-database-utility.php","Line":64}

Jul 19 2019 14:04:37
{"Number":8,"Message":"unserialize(): Error at offset 281 of 774 bytes","File":"\/Applications\/MAMP\/htdocs\/apuestas_deportivas\/wp-content\/plugins\/all-in-one-wp-migration\/lib\/vendor\/servmask\/database\/class-ai1wm-database-utility.php","Line":64}

Jul 19 2019 14:04:37
{"Number":8,"Message":"unserialize(): Error at offset 283 of 777 bytes","File":"\/Applications\/MAMP\/htdocs\/apuestas_deportivas\/wp-content\/plugins\/all-in-one-wp-migration\/lib\/vendor\/servmask\/database\/class-ai1wm-database-utility.php","Line":64}

Jul 19 2019 14:04:37
{"Number":8,"Message":"unserialize(): Error at offset 299 of 792 bytes","File":"\/Applications\/MAMP\/htdocs\/apuestas_deportivas\/wp-content\/plugins\/all-in-one-wp-migration\/lib\/vendor\/servmask\/database\/class-ai1wm-database-utility.php","Line":64}

Jul 19 2019 14:04:37
{"Number":8,"Message":"unserialize(): Error at offset 112 of 173 bytes","File":"\/Applications\/MAMP\/htdocs\/apuestas_deportivas\/wp-content\/plugins\/all-in-one-wp-migration\/lib\/vendor\/servmask\/database\/class-ai1wm-database-utility.php","Line":64}

Jul 19 2019 14:04:37
{"Number":8,"Message":"unserialize(): Error at offset 295 of 789 bytes","File":"\/Applications\/MAMP\/htdocs\/apuestas_deportivas\/wp-content\/plugins\/all-in-one-wp-migration\/lib\/vendor\/servmask\/database\/class-ai1wm-database-utility.php","Line":64}

Jul 19 2019 14:04:37
{"Number":8,"Message":"unserialize(): Error at offset 295 of 789 bytes","File":"\/Applications\/MAMP\/htdocs\/apuestas_deportivas\/wp-content\/plugins\/all-in-one-wp-migration\/lib\/vendor\/servmask\/database\/class-ai1wm-database-utility.php","Line":64}

Jul 19 2019 14:04:37
{"Number":8,"Message":"unserialize(): Error at offset 295 of 789 bytes","File":"\/Applications\/MAMP\/htdocs\/apuestas_deportivas\/wp-content\/plugins\/all-in-one-wp-migration\/lib\/vendor\/servmask\/database\/class-ai1wm-database-utility.php","Line":64}

Jul 19 2019 14:04:37
{"Number":8,"Message":"unserialize(): Error at offset 248 of 741 bytes","File":"\/Applications\/MAMP\/htdocs\/apuestas_deportivas\/wp-content\/plugins\/all-in-one-wp-migration\/lib\/vendor\/servmask\/database\/class-ai1wm-database-utility.php","Line":64}

Jul 19 2019 14:04:37
{"Number":8,"Message":"unserialize(): Error at offset 278 of 771 bytes","File":"\/Applications\/MAMP\/htdocs\/apuestas_deportivas\/wp-content\/plugins\/all-in-one-wp-migration\/lib\/vendor\/servmask\/database\/class-ai1wm-database-utility.php","Line":64}

Jul 19 2019 14:04:38
{"Number":8,"Message":"unserialize(): Error at offset 315 of 808 bytes","File":"\/Applications\/MAMP\/htdocs\/apuestas_deportivas\/wp-content\/plugins\/all-in-one-wp-migration\/lib\/vendor\/servmask\/database\/class-ai1wm-database-utility.php","Line":64}

Jul 19 2019 14:04:38
{"Number":8,"Message":"unserialize(): Error at offset 321 of 813 bytes","File":"\/Applications\/MAMP\/htdocs\/apuestas_deportivas\/wp-content\/plugins\/all-in-one-wp-migration\/lib\/vendor\/servmask\/database\/class-ai1wm-database-utility.php","Line":64}

Jul 19 2019 14:04:38
{"Number":8,"Message":"unserialize(): Error at offset 113 of 174 bytes","File":"\/Applications\/MAMP\/htdocs\/apuestas_deportivas\/wp-content\/plugins\/all-in-one-wp-migration\/lib\/vendor\/servmask\/database\/class-ai1wm-database-utility.php","Line":64}

Jul 19 2019 14:04:38
{"Number":8,"Message":"unserialize(): Error at offset 112 of 173 bytes","File":"\/Applications\/MAMP\/htdocs\/apuestas_deportivas\/wp-content\/plugins\/all-in-one-wp-migration\/lib\/vendor\/servmask\/database\/class-ai1wm-database-utility.php","Line":64}

Jul 19 2019 14:04:38
{"Number":8,"Message":"unserialize(): Error at offset 383 of 876 bytes","File":"\/Applications\/MAMP\/htdocs\/apuestas_deportivas\/wp-content\/plugins\/all-in-one-wp-migration\/lib\/vendor\/servmask\/database\/class-ai1wm-database-utility.php","Line":64}

Jul 19 2019 14:04:38
{"Number":8,"Message":"unserialize(): Error at offset 383 of 876 bytes","File":"\/Applications\/MAMP\/htdocs\/apuestas_deportivas\/wp-content\/plugins\/all-in-one-wp-migration\/lib\/vendor\/servmask\/database\/class-ai1wm-database-utility.php","Line":64}

Jul 19 2019 14:04:38
{"Number":8,"Message":"unserialize(): Error at offset 309 of 802 bytes","File":"\/Applications\/MAMP\/htdocs\/apuestas_deportivas\/wp-content\/plugins\/all-in-one-wp-migration\/lib\/vendor\/servmask\/database\/class-ai1wm-database-utility.php","Line":64}

Jul 19 2019 14:04:38
{"Number":8,"Message":"unserialize(): Error at offset 309 of 802 bytes","File":"\/Applications\/MAMP\/htdocs\/apuestas_deportivas\/wp-content\/plugins\/all-in-one-wp-migration\/lib\/vendor\/servmask\/database\/class-ai1wm-database-utility.php","Line":64}

Jul 19 2019 14:04:38
{"Number":8,"Message":"unserialize(): Error at offset 292 of 786 bytes","File":"\/Applications\/MAMP\/htdocs\/apuestas_deportivas\/wp-content\/plugins\/all-in-one-wp-migration\/lib\/vendor\/servmask\/database\/class-ai1wm-database-utility.php","Line":64}

Jul 19 2019 14:04:38
{"Number":8,"Message":"unserialize(): Error at offset 292 of 786 bytes","File":"\/Applications\/MAMP\/htdocs\/apuestas_deportivas\/wp-content\/plugins\/all-in-one-wp-migration\/lib\/vendor\/servmask\/database\/class-ai1wm-database-utility.php","Line":64}

Jul 19 2019 14:04:39
{"Number":8,"Message":"unserialize(): Error at offset 122 of 183 bytes","File":"\/Applications\/MAMP\/htdocs\/apuestas_deportivas\/wp-content\/plugins\/all-in-one-wp-migration\/lib\/vendor\/servmask\/database\/class-ai1wm-database-utility.php","Line":64}

Jul 19 2019 14:04:39
{"Number":8,"Message":"unserialize(): Error at offset 113 of 174 bytes","File":"\/Applications\/MAMP\/htdocs\/apuestas_deportivas\/wp-content\/plugins\/all-in-one-wp-migration\/lib\/vendor\/servmask\/database\/class-ai1wm-database-utility.php","Line":64}

Jul 19 2019 14:04:39
{"Number":8,"Message":"unserialize(): Error at offset 296 of 789 bytes","File":"\/Applications\/MAMP\/htdocs\/apuestas_deportivas\/wp-content\/plugins\/all-in-one-wp-migration\/lib\/vendor\/servmask\/database\/class-ai1wm-database-utility.php","Line":64}

Jul 19 2019 14:04:39
{"Number":8,"Message":"unserialize(): Error at offset 276 of 769 bytes","File":"\/Applications\/MAMP\/htdocs\/apuestas_deportivas\/wp-content\/plugins\/all-in-one-wp-migration\/lib\/vendor\/servmask\/database\/class-ai1wm-database-utility.php","Line":64}

Jul 19 2019 14:04:39
{"Number":8,"Message":"unserialize(): Error at offset 299 of 793 bytes","File":"\/Applications\/MAMP\/htdocs\/apuestas_deportivas\/wp-content\/plugins\/all-in-one-wp-migration\/lib\/vendor\/servmask\/database\/class-ai1wm-database-utility.php","Line":64}

Jul 19 2019 14:04:39
{"Number":8,"Message":"unserialize(): Error at offset 299 of 793 bytes","File":"\/Applications\/MAMP\/htdocs\/apuestas_deportivas\/wp-content\/plugins\/all-in-one-wp-migration\/lib\/vendor\/servmask\/database\/class-ai1wm-database-utility.php","Line":64}

Jul 19 2019 14:04:39
{"Number":8,"Message":"unserialize(): Error at offset 928 of 1421 bytes","File":"\/Applications\/MAMP\/htdocs\/apuestas_deportivas\/wp-content\/plugins\/all-in-one-wp-migration\/lib\/vendor\/servmask\/database\/class-ai1wm-database-utility.php","Line":64}

Jul 19 2019 14:04:39
{"Number":8,"Message":"unserialize(): Error at offset 929 of 1422 bytes","File":"\/Applications\/MAMP\/htdocs\/apuestas_deportivas\/wp-content\/plugins\/all-in-one-wp-migration\/lib\/vendor\/servmask\/database\/class-ai1wm-database-utility.php","Line":64}

Jul 19 2019 14:04:39
{"Number":8,"Message":"unserialize(): Error at offset 368 of 861 bytes","File":"\/Applications\/MAMP\/htdocs\/apuestas_deportivas\/wp-content\/plugins\/all-in-one-wp-migration\/lib\/vendor\/servmask\/database\/class-ai1wm-database-utility.php","Line":64}

Jul 19 2019 14:04:39
{"Number":8,"Message":"unserialize(): Error at offset 291 of 784 bytes","File":"\/Applications\/MAMP\/htdocs\/apuestas_deportivas\/wp-content\/plugins\/all-in-one-wp-migration\/lib\/vendor\/servmask\/database\/class-ai1wm-database-utility.php","Line":64}

Jul 19 2019 14:04:39
{"Number":8,"Message":"unserialize(): Error at offset 304 of 797 bytes","File":"\/Applications\/MAMP\/htdocs\/apuestas_deportivas\/wp-content\/plugins\/all-in-one-wp-migration\/lib\/vendor\/servmask\/database\/class-ai1wm-database-utility.php","Line":64}

Jul 19 2019 14:04:39
{"Number":8,"Message":"unserialize(): Error at offset 308 of 801 bytes","File":"\/Applications\/MAMP\/htdocs\/apuestas_deportivas\/wp-content\/plugins\/all-in-one-wp-migration\/lib\/vendor\/servmask\/database\/class-ai1wm-database-utility.php","Line":64}

Jul 19 2019 14:04:39
{"Number":8,"Message":"unserialize(): Error at offset 308 of 801 bytes","File":"\/Applications\/MAMP\/htdocs\/apuestas_deportivas\/wp-content\/plugins\/all-in-one-wp-migration\/lib\/vendor\/servmask\/database\/class-ai1wm-database-utility.php","Line":64}

Jul 19 2019 14:04:39
{"Number":8,"Message":"unserialize(): Error at offset 308 of 801 bytes","File":"\/Applications\/MAMP\/htdocs\/apuestas_deportivas\/wp-content\/plugins\/all-in-one-wp-migration\/lib\/vendor\/servmask\/database\/class-ai1wm-database-utility.php","Line":64}

Jul 19 2019 14:04:39
{"Number":8,"Message":"unserialize(): Error at offset 290 of 783 bytes","File":"\/Applications\/MAMP\/htdocs\/apuestas_deportivas\/wp-content\/plugins\/all-in-one-wp-migration\/lib\/vendor\/servmask\/database\/class-ai1wm-database-utility.php","Line":64}

Jul 19 2019 14:04:39
{"Number":8,"Message":"unserialize(): Error at offset 290 of 783 bytes","File":"\/Applications\/MAMP\/htdocs\/apuestas_deportivas\/wp-content\/plugins\/all-in-one-wp-migration\/lib\/vendor\/servmask\/database\/class-ai1wm-database-utility.php","Line":64}

Jul 19 2019 14:04:39
{"Number":8,"Message":"unserialize(): Error at offset 290 of 783 bytes","File":"\/Applications\/MAMP\/htdocs\/apuestas_deportivas\/wp-content\/plugins\/all-in-one-wp-migration\/lib\/vendor\/servmask\/database\/class-ai1wm-database-utility.php","Line":64}

Jul 19 2019 14:04:39
{"Number":8,"Message":"unserialize(): Error at offset 303 of 796 bytes","File":"\/Applications\/MAMP\/htdocs\/apuestas_deportivas\/wp-content\/plugins\/all-in-one-wp-migration\/lib\/vendor\/servmask\/database\/class-ai1wm-database-utility.php","Line":64}

Jul 19 2019 14:04:39
{"Number":8,"Message":"unserialize(): Error at offset 303 of 796 bytes","File":"\/Applications\/MAMP\/htdocs\/apuestas_deportivas\/wp-content\/plugins\/all-in-one-wp-migration\/lib\/vendor\/servmask\/database\/class-ai1wm-database-utility.php","Line":64}

Jul 19 2019 14:04:39
{"Number":8,"Message":"unserialize(): Error at offset 282 of 775 bytes","File":"\/Applications\/MAMP\/htdocs\/apuestas_deportivas\/wp-content\/plugins\/all-in-one-wp-migration\/lib\/vendor\/servmask\/database\/class-ai1wm-database-utility.php","Line":64}

Jul 19 2019 14:04:40
{"Number":8,"Message":"unserialize(): Error at offset 295 of 786 bytes","File":"\/Applications\/MAMP\/htdocs\/apuestas_deportivas\/wp-content\/plugins\/all-in-one-wp-migration\/lib\/vendor\/servmask\/database\/class-ai1wm-database-utility.php","Line":64}

Jul 19 2019 14:04:40
{"Number":8,"Message":"unserialize(): Error at offset 282 of 773 bytes","File":"\/Applications\/MAMP\/htdocs\/apuestas_deportivas\/wp-content\/plugins\/all-in-one-wp-migration\/lib\/vendor\/servmask\/database\/class-ai1wm-database-utility.php","Line":64}

Jul 19 2019 14:04:40
{"Number":8,"Message":"unserialize(): Error at offset 297 of 789 bytes","File":"\/Applications\/MAMP\/htdocs\/apuestas_deportivas\/wp-content\/plugins\/all-in-one-wp-migration\/lib\/vendor\/servmask\/database\/class-ai1wm-database-utility.php","Line":64}

Jul 19 2019 14:04:40
{"Number":8,"Message":"unserialize(): Error at offset 293 of 785 bytes","File":"\/Applications\/MAMP\/htdocs\/apuestas_deportivas\/wp-content\/plugins\/all-in-one-wp-migration\/lib\/vendor\/servmask\/database\/class-ai1wm-database-utility.php","Line":64}

Jul 19 2019 14:04:40
{"Number":8,"Message":"unserialize(): Error at offset 310 of 802 bytes","File":"\/Applications\/MAMP\/htdocs\/apuestas_deportivas\/wp-content\/plugins\/all-in-one-wp-migration\/lib\/vendor\/servmask\/database\/class-ai1wm-database-utility.php","Line":64}

Jul 19 2019 14:04:40
{"Number":8,"Message":"unserialize(): Error at offset 301 of 793 bytes","File":"\/Applications\/MAMP\/htdocs\/apuestas_deportivas\/wp-content\/plugins\/all-in-one-wp-migration\/lib\/vendor\/servmask\/database\/class-ai1wm-database-utility.php","Line":64}

Jul 19 2019 14:04:40
{"Number":8,"Message":"unserialize(): Error at offset 301 of 793 bytes","File":"\/Applications\/MAMP\/htdocs\/apuestas_deportivas\/wp-content\/plugins\/all-in-one-wp-migration\/lib\/vendor\/servmask\/database\/class-ai1wm-database-utility.php","Line":64}

Jul 19 2019 14:04:40
{"Number":8,"Message":"unserialize(): Error at offset 311 of 803 bytes","File":"\/Applications\/MAMP\/htdocs\/apuestas_deportivas\/wp-content\/plugins\/all-in-one-wp-migration\/lib\/vendor\/servmask\/database\/class-ai1wm-database-utility.php","Line":64}

Jul 19 2019 14:04:40
{"Number":8,"Message":"unserialize(): Error at offset 304 of 796 bytes","File":"\/Applications\/MAMP\/htdocs\/apuestas_deportivas\/wp-content\/plugins\/all-in-one-wp-migration\/lib\/vendor\/servmask\/database\/class-ai1wm-database-utility.php","Line":64}

Jul 19 2019 14:04:40
{"Number":8,"Message":"unserialize(): Error at offset 304 of 796 bytes","File":"\/Applications\/MAMP\/htdocs\/apuestas_deportivas\/wp-content\/plugins\/all-in-one-wp-migration\/lib\/vendor\/servmask\/database\/class-ai1wm-database-utility.php","Line":64}

Jul 19 2019 14:04:40
{"Number":8,"Message":"unserialize(): Error at offset 289 of 781 bytes","File":"\/Applications\/MAMP\/htdocs\/apuestas_deportivas\/wp-content\/plugins\/all-in-one-wp-migration\/lib\/vendor\/servmask\/database\/class-ai1wm-database-utility.php","Line":64}

Jul 19 2019 14:04:40
{"Number":8,"Message":"unserialize(): Error at offset 289 of 781 bytes","File":"\/Applications\/MAMP\/htdocs\/apuestas_deportivas\/wp-content\/plugins\/all-in-one-wp-migration\/lib\/vendor\/servmask\/database\/class-ai1wm-database-utility.php","Line":64}

Jul 19 2019 14:04:41
{"Number":8,"Message":"unserialize(): Error at offset 260 of 752 bytes","File":"\/Applications\/MAMP\/htdocs\/apuestas_deportivas\/wp-content\/plugins\/all-in-one-wp-migration\/lib\/vendor\/servmask\/database\/class-ai1wm-database-utility.php","Line":64}

Jul 19 2019 14:04:41
{"Number":8,"Message":"unserialize(): Error at offset 323 of 816 bytes","File":"\/Applications\/MAMP\/htdocs\/apuestas_deportivas\/wp-content\/plugins\/all-in-one-wp-migration\/lib\/vendor\/servmask\/database\/class-ai1wm-database-utility.php","Line":64}

Jul 19 2019 14:04:41
{"Number":8,"Message":"unserialize(): Error at offset 268 of 761 bytes","File":"\/Applications\/MAMP\/htdocs\/apuestas_deportivas\/wp-content\/plugins\/all-in-one-wp-migration\/lib\/vendor\/servmask\/database\/class-ai1wm-database-utility.php","Line":64}

Jul 19 2019 14:04:41
{"Number":8,"Message":"unserialize(): Error at offset 309 of 801 bytes","File":"\/Applications\/MAMP\/htdocs\/apuestas_deportivas\/wp-content\/plugins\/all-in-one-wp-migration\/lib\/vendor\/servmask\/database\/class-ai1wm-database-utility.php","Line":64}

Jul 19 2019 14:04:41
{"Number":8,"Message":"unserialize(): Error at offset 292 of 785 bytes","File":"\/Applications\/MAMP\/htdocs\/apuestas_deportivas\/wp-content\/plugins\/all-in-one-wp-migration\/lib\/vendor\/servmask\/database\/class-ai1wm-database-utility.php","Line":64}

Jul 19 2019 14:04:41
{"Number":8,"Message":"unserialize(): Error at offset 286 of 779 bytes","File":"\/Applications\/MAMP\/htdocs\/apuestas_deportivas\/wp-content\/plugins\/all-in-one-wp-migration\/lib\/vendor\/servmask\/database\/class-ai1wm-database-utility.php","Line":64}

Jul 19 2019 14:04:41
{"Number":8,"Message":"unserialize(): Error at offset 270 of 763 bytes","File":"\/Applications\/MAMP\/htdocs\/apuestas_deportivas\/wp-content\/plugins\/all-in-one-wp-migration\/lib\/vendor\/servmask\/database\/class-ai1wm-database-utility.php","Line":64}

Jul 19 2019 14:04:41
{"Number":8,"Message":"unserialize(): Error at offset 273 of 766 bytes","File":"\/Applications\/MAMP\/htdocs\/apuestas_deportivas\/wp-content\/plugins\/all-in-one-wp-migration\/lib\/vendor\/servmask\/database\/class-ai1wm-database-utility.php","Line":64}

Jul 19 2019 14:04:41
{"Number":8,"Message":"unserialize(): Error at offset 273 of 766 bytes","File":"\/Applications\/MAMP\/htdocs\/apuestas_deportivas\/wp-content\/plugins\/all-in-one-wp-migration\/lib\/vendor\/servmask\/database\/class-ai1wm-database-utility.php","Line":64}

Jul 19 2019 14:04:41
{"Number":8,"Message":"unserialize(): Error at offset 270 of 763 bytes","File":"\/Applications\/MAMP\/htdocs\/apuestas_deportivas\/wp-content\/plugins\/all-in-one-wp-migration\/lib\/vendor\/servmask\/database\/class-ai1wm-database-utility.php","Line":64}

Jul 19 2019 14:04:41
{"Number":8,"Message":"unserialize(): Error at offset 354 of 847 bytes","File":"\/Applications\/MAMP\/htdocs\/apuestas_deportivas\/wp-content\/plugins\/all-in-one-wp-migration\/lib\/vendor\/servmask\/database\/class-ai1wm-database-utility.php","Line":64}

Jul 19 2019 14:04:41
{"Number":8,"Message":"unserialize(): Error at offset 268 of 761 bytes","File":"\/Applications\/MAMP\/htdocs\/apuestas_deportivas\/wp-content\/plugins\/all-in-one-wp-migration\/lib\/vendor\/servmask\/database\/class-ai1wm-database-utility.php","Line":64}

Jul 19 2019 14:04:41
{"Number":8,"Message":"unserialize(): Error at offset 268 of 761 bytes","File":"\/Applications\/MAMP\/htdocs\/apuestas_deportivas\/wp-content\/plugins\/all-in-one-wp-migration\/lib\/vendor\/servmask\/database\/class-ai1wm-database-utility.php","Line":64}

Jul 19 2019 14:04:41
{"Number":8,"Message":"unserialize(): Error at offset 268 of 761 bytes","File":"\/Applications\/MAMP\/htdocs\/apuestas_deportivas\/wp-content\/plugins\/all-in-one-wp-migration\/lib\/vendor\/servmask\/database\/class-ai1wm-database-utility.php","Line":64}

Jul 19 2019 14:04:41
{"Number":8,"Message":"unserialize(): Error at offset 335 of 827 bytes","File":"\/Applications\/MAMP\/htdocs\/apuestas_deportivas\/wp-content\/plugins\/all-in-one-wp-migration\/lib\/vendor\/servmask\/database\/class-ai1wm-database-utility.php","Line":64}

Jul 19 2019 14:04:41
{"Number":8,"Message":"unserialize(): Error at offset 278 of 770 bytes","File":"\/Applications\/MAMP\/htdocs\/apuestas_deportivas\/wp-content\/plugins\/all-in-one-wp-migration\/lib\/vendor\/servmask\/database\/class-ai1wm-database-utility.php","Line":64}

Jul 19 2019 14:04:41
{"Number":8,"Message":"unserialize(): Error at offset 278 of 770 bytes","File":"\/Applications\/MAMP\/htdocs\/apuestas_deportivas\/wp-content\/plugins\/all-in-one-wp-migration\/lib\/vendor\/servmask\/database\/class-ai1wm-database-utility.php","Line":64}

Jul 19 2019 14:04:41
{"Number":8,"Message":"unserialize(): Error at offset 278 of 770 bytes","File":"\/Applications\/MAMP\/htdocs\/apuestas_deportivas\/wp-content\/plugins\/all-in-one-wp-migration\/lib\/vendor\/servmask\/database\/class-ai1wm-database-utility.php","Line":64}

Jul 19 2019 14:04:41
{"Number":8,"Message":"unserialize(): Error at offset 278 of 770 bytes","File":"\/Applications\/MAMP\/htdocs\/apuestas_deportivas\/wp-content\/plugins\/all-in-one-wp-migration\/lib\/vendor\/servmask\/database\/class-ai1wm-database-utility.php","Line":64}

Jul 19 2019 14:04:42
{"Number":8,"Message":"unserialize(): Error at offset 263 of 755 bytes","File":"\/Applications\/MAMP\/htdocs\/apuestas_deportivas\/wp-content\/plugins\/all-in-one-wp-migration\/lib\/vendor\/servmask\/database\/class-ai1wm-database-utility.php","Line":64}

Jul 19 2019 14:04:42
{"Number":8,"Message":"unserialize(): Error at offset 263 of 755 bytes","File":"\/Applications\/MAMP\/htdocs\/apuestas_deportivas\/wp-content\/plugins\/all-in-one-wp-migration\/lib\/vendor\/servmask\/database\/class-ai1wm-database-utility.php","Line":64}

Jul 19 2019 14:04:42
{"Number":8,"Message":"unserialize(): Error at offset 288 of 781 bytes","File":"\/Applications\/MAMP\/htdocs\/apuestas_deportivas\/wp-content\/plugins\/all-in-one-wp-migration\/lib\/vendor\/servmask\/database\/class-ai1wm-database-utility.php","Line":64}

Jul 19 2019 14:04:42
{"Number":8,"Message":"unserialize(): Error at offset 288 of 781 bytes","File":"\/Applications\/MAMP\/htdocs\/apuestas_deportivas\/wp-content\/plugins\/all-in-one-wp-migration\/lib\/vendor\/servmask\/database\/class-ai1wm-database-utility.php","Line":64}

Jul 19 2019 14:04:42
{"Number":8,"Message":"unserialize(): Error at offset 277 of 769 bytes","File":"\/Applications\/MAMP\/htdocs\/apuestas_deportivas\/wp-content\/plugins\/all-in-one-wp-migration\/lib\/vendor\/servmask\/database\/class-ai1wm-database-utility.php","Line":64}

Jul 19 2019 14:04:42
{"Number":8,"Message":"unserialize(): Error at offset 277 of 769 bytes","File":"\/Applications\/MAMP\/htdocs\/apuestas_deportivas\/wp-content\/plugins\/all-in-one-wp-migration\/lib\/vendor\/servmask\/database\/class-ai1wm-database-utility.php","Line":64}

Jul 19 2019 14:04:42
{"Number":8,"Message":"unserialize(): Error at offset 299 of 792 bytes","File":"\/Applications\/MAMP\/htdocs\/apuestas_deportivas\/wp-content\/plugins\/all-in-one-wp-migration\/lib\/vendor\/servmask\/database\/class-ai1wm-database-utility.php","Line":64}

Jul 19 2019 14:04:42
{"Number":8,"Message":"unserialize(): Error at offset 299 of 792 bytes","File":"\/Applications\/MAMP\/htdocs\/apuestas_deportivas\/wp-content\/plugins\/all-in-one-wp-migration\/lib\/vendor\/servmask\/database\/class-ai1wm-database-utility.php","Line":64}

Jul 19 2019 14:04:42
{"Number":8,"Message":"unserialize(): Error at offset 299 of 792 bytes","File":"\/Applications\/MAMP\/htdocs\/apuestas_deportivas\/wp-content\/plugins\/all-in-one-wp-migration\/lib\/vendor\/servmask\/database\/class-ai1wm-database-utility.php","Line":64}

Jul 19 2019 14:04:42
{"Number":8,"Message":"unserialize(): Error at offset 299 of 792 bytes","File":"\/Applications\/MAMP\/htdocs\/apuestas_deportivas\/wp-content\/plugins\/all-in-one-wp-migration\/lib\/vendor\/servmask\/database\/class-ai1wm-database-utility.php","Line":64}

Jul 19 2019 14:04:42
{"Number":8,"Message":"unserialize(): Error at offset 299 of 792 bytes","File":"\/Applications\/MAMP\/htdocs\/apuestas_deportivas\/wp-content\/plugins\/all-in-one-wp-migration\/lib\/vendor\/servmask\/database\/class-ai1wm-database-utility.php","Line":64}

Jul 19 2019 14:04:42
{"Number":8,"Message":"unserialize(): Error at offset 299 of 792 bytes","File":"\/Applications\/MAMP\/htdocs\/apuestas_deportivas\/wp-content\/plugins\/all-in-one-wp-migration\/lib\/vendor\/servmask\/database\/class-ai1wm-database-utility.php","Line":64}

Jul 19 2019 14:04:42
{"Number":8,"Message":"unserialize(): Error at offset 299 of 792 bytes","File":"\/Applications\/MAMP\/htdocs\/apuestas_deportivas\/wp-content\/plugins\/all-in-one-wp-migration\/lib\/vendor\/servmask\/database\/class-ai1wm-database-utility.php","Line":64}

Jul 19 2019 14:04:42
{"Number":8,"Message":"unserialize(): Error at offset 299 of 792 bytes","File":"\/Applications\/MAMP\/htdocs\/apuestas_deportivas\/wp-content\/plugins\/all-in-one-wp-migration\/lib\/vendor\/servmask\/database\/class-ai1wm-database-utility.php","Line":64}

Jul 19 2019 14:04:42
{"Number":8,"Message":"unserialize(): Error at offset 299 of 792 bytes","File":"\/Applications\/MAMP\/htdocs\/apuestas_deportivas\/wp-content\/plugins\/all-in-one-wp-migration\/lib\/vendor\/servmask\/database\/class-ai1wm-database-utility.php","Line":64}

Jul 19 2019 14:04:42
{"Number":8,"Message":"unserialize(): Error at offset 299 of 792 bytes","File":"\/Applications\/MAMP\/htdocs\/apuestas_deportivas\/wp-content\/plugins\/all-in-one-wp-migration\/lib\/vendor\/servmask\/database\/class-ai1wm-database-utility.php","Line":64}

Jul 19 2019 14:04:42
{"Number":8,"Message":"unserialize(): Error at offset 299 of 792 bytes","File":"\/Applications\/MAMP\/htdocs\/apuestas_deportivas\/wp-content\/plugins\/all-in-one-wp-migration\/lib\/vendor\/servmask\/database\/class-ai1wm-database-utility.php","Line":64}

Jul 19 2019 14:04:42
{"Number":8,"Message":"unserialize(): Error at offset 331 of 824 bytes","File":"\/Applications\/MAMP\/htdocs\/apuestas_deportivas\/wp-content\/plugins\/all-in-one-wp-migration\/lib\/vendor\/servmask\/database\/class-ai1wm-database-utility.php","Line":64}

Jul 19 2019 14:04:42
{"Number":8,"Message":"unserialize(): Error at offset 331 of 824 bytes","File":"\/Applications\/MAMP\/htdocs\/apuestas_deportivas\/wp-content\/plugins\/all-in-one-wp-migration\/lib\/vendor\/servmask\/database\/class-ai1wm-database-utility.php","Line":64}

Jul 19 2019 14:04:42
{"Number":8,"Message":"unserialize(): Error at offset 331 of 824 bytes","File":"\/Applications\/MAMP\/htdocs\/apuestas_deportivas\/wp-content\/plugins\/all-in-one-wp-migration\/lib\/vendor\/servmask\/database\/class-ai1wm-database-utility.php","Line":64}

Jul 19 2019 14:04:42
{"Number":8,"Message":"unserialize(): Error at offset 286 of 779 bytes","File":"\/Applications\/MAMP\/htdocs\/apuestas_deportivas\/wp-content\/plugins\/all-in-one-wp-migration\/lib\/vendor\/servmask\/database\/class-ai1wm-database-utility.php","Line":64}

Jul 19 2019 14:05:11
{"Number":8,"Message":"unserialize(): Error at offset 1231 of 2293 bytes","File":"\/Applications\/MAMP\/htdocs\/apuestas_deportivas\/wp-content\/plugins\/all-in-one-wp-migration\/lib\/vendor\/servmask\/database\/class-ai1wm-database-utility.php","Line":64}

Jul 19 2019 14:05:11
{"Number":8,"Message":"unserialize(): Error at offset 1237 of 2301 bytes","File":"\/Applications\/MAMP\/htdocs\/apuestas_deportivas\/wp-content\/plugins\/all-in-one-wp-migration\/lib\/vendor\/servmask\/database\/class-ai1wm-database-utility.php","Line":64}

Jul 19 2019 14:05:11
{"Number":8,"Message":"unserialize(): Error at offset 1168 of 2207 bytes","File":"\/Applications\/MAMP\/htdocs\/apuestas_deportivas\/wp-content\/plugins\/all-in-one-wp-migration\/lib\/vendor\/servmask\/database\/class-ai1wm-database-utility.php","Line":64}

Jul 19 2019 14:05:11
{"Number":8,"Message":"unserialize(): Error at offset 1237 of 2301 bytes","File":"\/Applications\/MAMP\/htdocs\/apuestas_deportivas\/wp-content\/plugins\/all-in-one-wp-migration\/lib\/vendor\/servmask\/database\/class-ai1wm-database-utility.php","Line":64}

Jul 19 2019 14:05:11
{"Number":8,"Message":"unserialize(): Error at offset 1237 of 2301 bytes","File":"\/Applications\/MAMP\/htdocs\/apuestas_deportivas\/wp-content\/plugins\/all-in-one-wp-migration\/lib\/vendor\/servmask\/database\/class-ai1wm-database-utility.php","Line":64}

Jul 19 2019 14:05:11
{"Number":8,"Message":"unserialize(): Error at offset 1237 of 2301 bytes","File":"\/Applications\/MAMP\/htdocs\/apuestas_deportivas\/wp-content\/plugins\/all-in-one-wp-migration\/lib\/vendor\/servmask\/database\/class-ai1wm-database-utility.php","Line":64}

Jul 19 2019 14:05:11
{"Number":8,"Message":"unserialize(): Error at offset 1237 of 2301 bytes","File":"\/Applications\/MAMP\/htdocs\/apuestas_deportivas\/wp-content\/plugins\/all-in-one-wp-migration\/lib\/vendor\/servmask\/database\/class-ai1wm-database-utility.php","Line":64}

Jul 19 2019 14:05:28
{"type":8,"message":"Undefined variable: list_cats","file":"\/Applications\/MAMP\/htdocs\/apuestas_deportivas\/wp-content\/themes\/goapostas\/inc\/widgets\/palpite-single.php","line":74}

Jul 19 2019 14:26:56
{"type":8,"message":"Undefined variable: list_cats","file":"\/Applications\/MAMP\/htdocs\/apuestas_deportivas\/wp-content\/themes\/goapostas\/inc\/widgets\/palpite-single.php","line":74}

Jul 19 2019 14:26:57
{"type":8,"message":"Undefined variable: list_cats","file":"\/Applications\/MAMP\/htdocs\/apuestas_deportivas\/wp-content\/themes\/goapostas\/inc\/widgets\/palpite-single.php","line":74}

Jul 19 2019 14:26:58
{"type":8,"message":"Undefined variable: list_cats","file":"\/Applications\/MAMP\/htdocs\/apuestas_deportivas\/wp-content\/themes\/goapostas\/inc\/widgets\/palpite-single.php","line":74}

Jul 19 2019 14:26:59
{"type":8,"message":"Undefined variable: list_cats","file":"\/Applications\/MAMP\/htdocs\/apuestas_deportivas\/wp-content\/themes\/goapostas\/inc\/widgets\/palpite-single.php","line":74}

Jul 19 2019 14:27:01
{"type":8,"message":"Undefined variable: list_cats","file":"\/Applications\/MAMP\/htdocs\/apuestas_deportivas\/wp-content\/themes\/goapostas\/inc\/widgets\/palpite-single.php","line":74}

Jul 19 2019 14:27:02
{"type":8,"message":"Undefined variable: list_cats","file":"\/Applications\/MAMP\/htdocs\/apuestas_deportivas\/wp-content\/themes\/goapostas\/inc\/widgets\/palpite-single.php","line":74}

Jul 19 2019 14:27:13
{"type":8,"message":"Undefined variable: list_cats","file":"\/Applications\/MAMP\/htdocs\/apuestas_deportivas\/wp-content\/themes\/goapostas\/inc\/widgets\/palpite-single.php","line":74}

Jul 19 2019 14:27:20
{"type":8,"message":"Undefined variable: list_cats","file":"\/Applications\/MAMP\/htdocs\/apuestas_deportivas\/wp-content\/themes\/goapostas\/inc\/widgets\/palpite-single.php","line":74}

Jul 19 2019 14:27:21
{"type":8,"message":"Undefined variable: list_cats","file":"\/Applications\/MAMP\/htdocs\/apuestas_deportivas\/wp-content\/themes\/goapostas\/inc\/widgets\/palpite-single.php","line":74}

Jul 19 2019 14:27:22
{"type":8,"message":"Undefined variable: list_cats","file":"\/Applications\/MAMP\/htdocs\/apuestas_deportivas\/wp-content\/themes\/goapostas\/inc\/widgets\/palpite-single.php","line":74}

Jul 19 2019 14:27:24
{"type":8,"message":"Undefined variable: list_cats","file":"\/Applications\/MAMP\/htdocs\/apuestas_deportivas\/wp-content\/themes\/goapostas\/inc\/widgets\/palpite-single.php","line":74}

